{"/home/lucas/projetos/rating-backend/src/index.ts": {"path":"/home/lucas/projetos/rating-backend/src/index.ts","statementMap":{"0":{"start":{"line":1,"column":0},"end":{"line":1,"column":24}},"1":{"start":{"line":2,"column":0},"end":{"line":2,"column":28}},"2":{"start":{"line":3,"column":0},"end":{"line":3,"column":40}},"3":{"start":{"line":4,"column":0},"end":{"line":4,"column":30}},"4":{"start":{"line":5,"column":0},"end":{"line":5,"column":40}},"5":{"start":{"line":6,"column":0},"end":{"line":6,"column":54}},"6":{"start":{"line":7,"column":0},"end":{"line":7,"column":16}},"7":{"start":{"line":9,"column":12},"end":{"line":9,"column":21}},"8":{"start":{"line":10,"column":0},"end":{"line":10,"column":16}},"9":{"start":{"line":11,"column":0},"end":{"line":11,"column":16}},"10":{"start":{"line":13,"column":0},"end":{"line":13,"column":17}},"11":{"start":{"line":14,"column":0},"end":{"line":14,"column":22}},"12":{"start":{"line":16,"column":0},"end":{"line":16,"column":19}}},"fnMap":{},"branchMap":{},"s":{"0":13,"1":13,"2":13,"3":13,"4":13,"5":13,"6":13,"7":13,"8":13,"9":13,"10":13,"11":13,"12":13},"f":{},"b":{}}
,"/home/lucas/projetos/rating-backend/src/controllers/placesController.ts": {"path":"/home/lucas/projetos/rating-backend/src/controllers/placesController.ts","statementMap":{"0":{"start":{"line":3,"column":0},"end":{"line":3,"column":58}},"1":{"start":{"line":8,"column":33},"end":{"line":8,"column":41}},"2":{"start":{"line":10,"column":4},"end":{"line":10,"column":47}},"3":{"start":{"line":11,"column":4},"end":{"line":11,"column":24}},"4":{"start":{"line":7,"column":0},"end":{"line":7,"column":22}},"5":{"start":{"line":15,"column":23},"end":{"line":15,"column":44}},"6":{"start":{"line":17,"column":4},"end":{"line":17,"column":41}},"7":{"start":{"line":19,"column":4},"end":{"line":19,"column":24}},"8":{"start":{"line":14,"column":0},"end":{"line":14,"column":22}},"9":{"start":{"line":23,"column":23},"end":{"line":23,"column":44}},"10":{"start":{"line":24,"column":28},"end":{"line":24,"column":44}},"11":{"start":{"line":26,"column":4},"end":{"line":26,"column":50}},"12":{"start":{"line":28,"column":4},"end":{"line":28,"column":24}},"13":{"start":{"line":22,"column":0},"end":{"line":22,"column":22}},"14":{"start":{"line":32,"column":23},"end":{"line":32,"column":44}},"15":{"start":{"line":33,"column":32},"end":{"line":33,"column":52}},"16":{"start":{"line":35,"column":4},"end":{"line":35,"column":58}},"17":{"start":{"line":37,"column":4},"end":{"line":37,"column":24}},"18":{"start":{"line":31,"column":0},"end":{"line":31,"column":22}},"19":{"start":{"line":41,"column":23},"end":{"line":41,"column":44}},"20":{"start":{"line":43,"column":36},"end":{"line":43,"column":79}},"21":{"start":{"line":45,"column":4},"end":{"line":45,"column":32}},"22":{"start":{"line":40,"column":0},"end":{"line":40,"column":22}},"23":{"start":{"line":49,"column":26},"end":{"line":49,"column":35}},"24":{"start":{"line":50,"column":24},"end":{"line":50,"column":56}},"25":{"start":{"line":52,"column":4},"end":{"line":52,"column":null}},"26":{"start":{"line":48,"column":0},"end":{"line":48,"column":22}},"27":{"start":{"line":56,"column":30},"end":{"line":56,"column":61}},"28":{"start":{"line":58,"column":4},"end":{"line":58,"column":33}},"29":{"start":{"line":55,"column":0},"end":{"line":55,"column":22}},"30":{"start":{"line":62,"column":23},"end":{"line":62,"column":44}},"31":{"start":{"line":63,"column":26},"end":{"line":63,"column":35}},"32":{"start":{"line":65,"column":30},"end":{"line":65,"column":68}},"33":{"start":{"line":67,"column":4},"end":{"line":67,"column":33}},"34":{"start":{"line":61,"column":0},"end":{"line":61,"column":22}},"35":{"start":{"line":71,"column":36},"end":{"line":71,"column":66}},"36":{"start":{"line":73,"column":4},"end":{"line":73,"column":32}},"37":{"start":{"line":70,"column":0},"end":{"line":70,"column":22}}},"fnMap":{"0":{"name":"createPlaces","decl":{"start":{"line":7,"column":22},"end":{"line":7,"column":34}},"loc":{"start":{"line":7,"column":62},"end":{"line":12,"column":null}}},"1":{"name":"updateVerify","decl":{"start":{"line":14,"column":22},"end":{"line":14,"column":34}},"loc":{"start":{"line":14,"column":62},"end":{"line":20,"column":null}}},"2":{"name":"updateWebsite","decl":{"start":{"line":22,"column":22},"end":{"line":22,"column":35}},"loc":{"start":{"line":22,"column":63},"end":{"line":29,"column":null}}},"3":{"name":"updateDescription","decl":{"start":{"line":31,"column":22},"end":{"line":31,"column":39}},"loc":{"start":{"line":31,"column":67},"end":{"line":38,"column":null}}},"4":{"name":"getPlace","decl":{"start":{"line":40,"column":22},"end":{"line":40,"column":30}},"loc":{"start":{"line":40,"column":58},"end":{"line":46,"column":null}}},"5":{"name":"searchPlace","decl":{"start":{"line":48,"column":22},"end":{"line":48,"column":33}},"loc":{"start":{"line":48,"column":61},"end":{"line":53,"column":null}}},"6":{"name":"getStates","decl":{"start":{"line":55,"column":22},"end":{"line":55,"column":31}},"loc":{"start":{"line":55,"column":59},"end":{"line":59,"column":null}}},"7":{"name":"getCities","decl":{"start":{"line":61,"column":22},"end":{"line":61,"column":31}},"loc":{"start":{"line":61,"column":59},"end":{"line":68,"column":null}}},"8":{"name":"getTypes","decl":{"start":{"line":70,"column":22},"end":{"line":70,"column":30}},"loc":{"start":{"line":70,"column":58},"end":{"line":74,"column":null}}}},"branchMap":{},"s":{"0":13,"1":11,"2":11,"3":6,"4":13,"5":0,"6":0,"7":0,"8":13,"9":0,"10":0,"11":0,"12":0,"13":13,"14":0,"15":0,"16":0,"17":0,"18":13,"19":1,"20":1,"21":0,"22":13,"23":2,"24":2,"25":1,"26":13,"27":1,"28":1,"29":13,"30":0,"31":0,"32":0,"33":0,"34":13,"35":0,"36":0,"37":13},"f":{"0":11,"1":0,"2":0,"3":0,"4":1,"5":2,"6":1,"7":0,"8":0},"b":{}}
,"/home/lucas/projetos/rating-backend/src/controllers/ratingController.ts": {"path":"/home/lucas/projetos/rating-backend/src/controllers/ratingController.ts","statementMap":{"0":{"start":{"line":3,"column":0},"end":{"line":3,"column":58}},"1":{"start":{"line":7,"column":17},"end":{"line":7,"column":32}},"2":{"start":{"line":8,"column":23},"end":{"line":8,"column":44}},"3":{"start":{"line":9,"column":35},"end":{"line":9,"column":43}},"4":{"start":{"line":10,"column":67},"end":{"line":18,"column":null}},"5":{"start":{"line":20,"column":28},"end":{"line":20,"column":73}},"6":{"start":{"line":21,"column":4},"end":{"line":21,"column":48}},"7":{"start":{"line":22,"column":4},"end":{"line":22,"column":24}},"8":{"start":{"line":6,"column":0},"end":{"line":6,"column":22}},"9":{"start":{"line":26,"column":26},"end":{"line":26,"column":66}},"10":{"start":{"line":28,"column":4},"end":{"line":28,"column":33}},"11":{"start":{"line":25,"column":0},"end":{"line":25,"column":22}},"12":{"start":{"line":32,"column":25},"end":{"line":32,"column":40}},"13":{"start":{"line":33,"column":33},"end":{"line":33,"column":74}},"14":{"start":{"line":35,"column":4},"end":{"line":35,"column":42}},"15":{"start":{"line":31,"column":0},"end":{"line":31,"column":22}},"16":{"start":{"line":39,"column":25},"end":{"line":39,"column":40}},"17":{"start":{"line":40,"column":33},"end":{"line":40,"column":80}},"18":{"start":{"line":42,"column":4},"end":{"line":42,"column":42}},"19":{"start":{"line":38,"column":0},"end":{"line":38,"column":22}},"20":{"start":{"line":46,"column":25},"end":{"line":46,"column":40}},"21":{"start":{"line":47,"column":33},"end":{"line":47,"column":80}},"22":{"start":{"line":49,"column":4},"end":{"line":49,"column":42}},"23":{"start":{"line":45,"column":0},"end":{"line":45,"column":22}},"24":{"start":{"line":53,"column":25},"end":{"line":53,"column":40}},"25":{"start":{"line":54,"column":33},"end":{"line":54,"column":75}},"26":{"start":{"line":56,"column":4},"end":{"line":56,"column":42}},"27":{"start":{"line":52,"column":0},"end":{"line":52,"column":22}},"28":{"start":{"line":60,"column":25},"end":{"line":60,"column":50}},"29":{"start":{"line":61,"column":37},"end":{"line":61,"column":82}},"30":{"start":{"line":63,"column":4},"end":{"line":63,"column":46}},"31":{"start":{"line":59,"column":0},"end":{"line":59,"column":22}}},"fnMap":{"0":{"name":"createRating","decl":{"start":{"line":6,"column":22},"end":{"line":6,"column":34}},"loc":{"start":{"line":6,"column":62},"end":{"line":23,"column":null}}},"1":{"name":"getPlaces","decl":{"start":{"line":25,"column":22},"end":{"line":25,"column":31}},"loc":{"start":{"line":25,"column":59},"end":{"line":29,"column":null}}},"2":{"name":"foodPlaces","decl":{"start":{"line":31,"column":22},"end":{"line":31,"column":32}},"loc":{"start":{"line":31,"column":60},"end":{"line":36,"column":null}}},"3":{"name":"attendancePlaces","decl":{"start":{"line":38,"column":22},"end":{"line":38,"column":38}},"loc":{"start":{"line":38,"column":66},"end":{"line":43,"column":null}}},"4":{"name":"enviromentPlaces","decl":{"start":{"line":45,"column":22},"end":{"line":45,"column":38}},"loc":{"start":{"line":45,"column":66},"end":{"line":50,"column":null}}},"5":{"name":"pricePlaces","decl":{"start":{"line":52,"column":22},"end":{"line":52,"column":33}},"loc":{"start":{"line":52,"column":61},"end":{"line":57,"column":null}}},"6":{"name":"filterFoodType","decl":{"start":{"line":59,"column":22},"end":{"line":59,"column":36}},"loc":{"start":{"line":59,"column":64},"end":{"line":64,"column":null}}}},"branchMap":{"0":{"loc":{"start":{"line":17,"column":17},"end":{"line":17,"column":43}},"type":"binary-expr","locations":[{"start":{"line":17,"column":17},"end":{"line":17,"column":35}},{"start":{"line":17,"column":39},"end":{"line":17,"column":43}}]}},"s":{"0":13,"1":0,"2":0,"3":0,"4":0,"5":0,"6":0,"7":0,"8":13,"9":0,"10":0,"11":13,"12":0,"13":0,"14":0,"15":13,"16":0,"17":0,"18":0,"19":13,"20":0,"21":0,"22":0,"23":13,"24":0,"25":0,"26":0,"27":13,"28":0,"29":0,"30":0,"31":13},"f":{"0":0,"1":0,"2":0,"3":0,"4":0,"5":0,"6":0},"b":{"0":[0,0]}}
,"/home/lucas/projetos/rating-backend/src/controllers/usersController.ts": {"path":"/home/lucas/projetos/rating-backend/src/controllers/usersController.ts","statementMap":{"0":{"start":{"line":2,"column":0},"end":{"line":2,"column":56}},"1":{"start":{"line":4,"column":0},"end":{"line":4,"column":58}},"2":{"start":{"line":7,"column":29},"end":{"line":7,"column":37}},"3":{"start":{"line":9,"column":4},"end":{"line":9,"column":40}},"4":{"start":{"line":11,"column":4},"end":{"line":11,"column":24}},"5":{"start":{"line":6,"column":0},"end":{"line":6,"column":22}},"6":{"start":{"line":15,"column":47},"end":{"line":15,"column":55}},"7":{"start":{"line":17,"column":66},"end":{"line":17,"column":114}},"8":{"start":{"line":19,"column":4},"end":{"line":19,"column":35}},"9":{"start":{"line":14,"column":0},"end":{"line":14,"column":22}},"10":{"start":{"line":23,"column":22},"end":{"line":23,"column":36}},"11":{"start":{"line":24,"column":22},"end":{"line":24,"column":53}},"12":{"start":{"line":26,"column":4},"end":{"line":26,"column":22}},"13":{"start":{"line":28,"column":4},"end":{"line":28,"column":33}},"14":{"start":{"line":22,"column":0},"end":{"line":22,"column":22}},"15":{"start":{"line":32,"column":47},"end":{"line":32,"column":55}},"16":{"start":{"line":33,"column":32},"end":{"line":33,"column":47}},"17":{"start":{"line":35,"column":4},"end":{"line":35,"column":49}},"18":{"start":{"line":36,"column":4},"end":{"line":36,"column":24}},"19":{"start":{"line":31,"column":0},"end":{"line":31,"column":22}},"20":{"start":{"line":40,"column":4},"end":{"line":40,"column":35}},"21":{"start":{"line":39,"column":0},"end":{"line":39,"column":22}}},"fnMap":{"0":{"name":"signup","decl":{"start":{"line":6,"column":22},"end":{"line":6,"column":28}},"loc":{"start":{"line":6,"column":56},"end":{"line":12,"column":null}}},"1":{"name":"login","decl":{"start":{"line":14,"column":22},"end":{"line":14,"column":27}},"loc":{"start":{"line":14,"column":55},"end":{"line":20,"column":null}}},"2":{"name":"githubLogin","decl":{"start":{"line":22,"column":22},"end":{"line":22,"column":33}},"loc":{"start":{"line":22,"column":61},"end":{"line":29,"column":null}}},"3":{"name":"updateMainPhoto","decl":{"start":{"line":31,"column":22},"end":{"line":31,"column":37}},"loc":{"start":{"line":31,"column":65},"end":{"line":37,"column":null}}},"4":{"name":"verifyAuth","decl":{"start":{"line":39,"column":22},"end":{"line":39,"column":32}},"loc":{"start":{"line":39,"column":60},"end":{"line":41,"column":null}}}},"branchMap":{},"s":{"0":13,"1":13,"2":21,"3":21,"4":18,"5":13,"6":14,"7":14,"8":12,"9":13,"10":0,"11":0,"12":0,"13":0,"14":13,"15":1,"16":1,"17":1,"18":1,"19":13,"20":1,"21":13},"f":{"0":21,"1":14,"2":0,"3":1,"4":1},"b":{}}
,"/home/lucas/projetos/rating-backend/src/databases/postgres.ts": {"path":"/home/lucas/projetos/rating-backend/src/databases/postgres.ts","statementMap":{"0":{"start":{"line":1,"column":0},"end":{"line":1,"column":28}},"1":{"start":{"line":2,"column":0},"end":{"line":2,"column":20}},"2":{"start":{"line":4,"column":0},"end":{"line":4,"column":16}},"3":{"start":{"line":5,"column":17},"end":{"line":5,"column":19}},"4":{"start":{"line":7,"column":23},"end":{"line":12,"column":2}},"5":{"start":{"line":14,"column":28},"end":{"line":14,"column":52}},"6":{"start":{"line":15,"column":0},"end":{"line":15,"column":26}}},"fnMap":{},"branchMap":{},"s":{"0":13,"1":13,"2":13,"3":13,"4":13,"5":13,"6":13},"f":{},"b":{}}
,"/home/lucas/projetos/rating-backend/src/databases/prisma.ts": {"path":"/home/lucas/projetos/rating-backend/src/databases/prisma.ts","statementMap":{"0":{"start":{"line":1,"column":0},"end":{"line":1,"column":33}},"1":{"start":{"line":3,"column":25},"end":{"line":3,"column":28}},"2":{"start":{"line":4,"column":15},"end":{"line":4,"column":33}},"3":{"start":{"line":5,"column":0},"end":{"line":5,"column":22}}},"fnMap":{},"branchMap":{},"s":{"0":14,"1":14,"2":14,"3":14},"f":{},"b":{}}
,"/home/lucas/projetos/rating-backend/src/databases/redis.ts": {"path":"/home/lucas/projetos/rating-backend/src/databases/redis.ts","statementMap":{"0":{"start":{"line":1,"column":0},"end":{"line":1,"column":37}},"1":{"start":{"line":2,"column":0},"end":{"line":2,"column":28}},"2":{"start":{"line":4,"column":0},"end":{"line":4,"column":16}},"3":{"start":{"line":6,"column":14},"end":{"line":9,"column":2}},"4":{"start":{"line":14,"column":4},"end":{"line":14,"column":26}},"5":{"start":{"line":17,"column":0},"end":{"line":17,"column":13}},"6":{"start":{"line":19,"column":0},"end":{"line":19,"column":21}}},"fnMap":{"0":{"name":"connecting","decl":{"start":{"line":13,"column":15},"end":{"line":13,"column":25}},"loc":{"start":{"line":13,"column":25},"end":{"line":15,"column":null}}}},"branchMap":{},"s":{"0":13,"1":13,"2":13,"3":13,"4":13,"5":13,"6":13},"f":{"0":13},"b":{}}
,"/home/lucas/projetos/rating-backend/src/middlewares/authMiddleware.ts": {"path":"/home/lucas/projetos/rating-backend/src/middlewares/authMiddleware.ts","statementMap":{"0":{"start":{"line":3,"column":0},"end":{"line":3,"column":31}},"1":{"start":{"line":4,"column":0},"end":{"line":4,"column":66}},"2":{"start":{"line":7,"column":26},"end":{"line":7,"column":51}},"3":{"start":{"line":8,"column":18},"end":{"line":8,"column":55}},"4":{"start":{"line":10,"column":4},"end":{"line":10,"column":null}},"5":{"start":{"line":10,"column":15},"end":{"line":10,"column":null}},"6":{"start":{"line":12,"column":4},"end":{"line":20,"column":null}},"7":{"start":{"line":13,"column":31},"end":{"line":13,"column":65}},"8":{"start":{"line":14,"column":27},"end":{"line":14,"column":72}},"9":{"start":{"line":15,"column":35},"end":{"line":15,"column":73}},"10":{"start":{"line":16,"column":8},"end":{"line":16,"column":31}},"11":{"start":{"line":17,"column":8},"end":{"line":17,"column":15}},"12":{"start":{"line":19,"column":8},"end":{"line":19,"column":64}},"13":{"start":{"line":6,"column":0},"end":{"line":6,"column":22}}},"fnMap":{"0":{"name":"validateTokenAuth","decl":{"start":{"line":6,"column":22},"end":{"line":6,"column":39}},"loc":{"start":{"line":6,"column":86},"end":{"line":21,"column":null}}}},"branchMap":{"0":{"loc":{"start":{"line":8,"column":18},"end":{"line":8,"column":55}},"type":"cond-expr","locations":[{"start":{"line":8,"column":31},"end":{"line":8,"column":33}},{"start":{"line":8,"column":18},"end":{"line":8,"column":55}}]},"1":{"loc":{"start":{"line":8,"column":18},"end":{"line":8,"column":33}},"type":"binary-expr","locations":[{"start":{"line":8,"column":18},"end":{"line":8,"column":33}},{"start":{"line":8,"column":18},"end":{"line":8,"column":33}}]},"2":{"loc":{"start":{"line":10,"column":4},"end":{"line":10,"column":null}},"type":"if","locations":[{"start":{"line":10,"column":4},"end":{"line":10,"column":null}}]},"3":{"loc":{"start":{"line":13,"column":31},"end":{"line":13,"column":65}},"type":"cond-expr","locations":[{"start":{"line":13,"column":59},"end":{"line":13,"column":63}},{"start":{"line":13,"column":63},"end":{"line":13,"column":65}}]},"4":{"loc":{"start":{"line":13,"column":31},"end":{"line":13,"column":63}},"type":"binary-expr","locations":[{"start":{"line":13,"column":31},"end":{"line":13,"column":63}},{"start":{"line":13,"column":59},"end":{"line":13,"column":63}}]}},"s":{"0":13,"1":13,"2":15,"3":15,"4":15,"5":1,"6":14,"7":14,"8":14,"9":13,"10":13,"11":13,"12":1,"13":13},"f":{"0":15},"b":{"0":[1,14],"1":[15,15],"2":[1],"3":[14,0],"4":[14,14]}}
,"/home/lucas/projetos/rating-backend/src/middlewares/errorHandler.ts": {"path":"/home/lucas/projetos/rating-backend/src/middlewares/errorHandler.ts","statementMap":{"0":{"start":{"line":4,"column":4},"end":{"line":4,"column":23}},"1":{"start":{"line":5,"column":4},"end":{"line":15,"column":null}},"2":{"start":{"line":6,"column":8},"end":{"line":6,"column":51}},"3":{"start":{"line":7,"column":11},"end":{"line":15,"column":null}},"4":{"start":{"line":8,"column":8},"end":{"line":8,"column":51}},"5":{"start":{"line":9,"column":11},"end":{"line":15,"column":null}},"6":{"start":{"line":10,"column":8},"end":{"line":10,"column":51}},"7":{"start":{"line":11,"column":11},"end":{"line":15,"column":null}},"8":{"start":{"line":12,"column":8},"end":{"line":12,"column":51}},"9":{"start":{"line":13,"column":11},"end":{"line":15,"column":null}},"10":{"start":{"line":14,"column":8},"end":{"line":14,"column":51}},"11":{"start":{"line":17,"column":4},"end":{"line":17,"column":24}},"12":{"start":{"line":3,"column":0},"end":{"line":3,"column":24}}},"fnMap":{"0":{"name":"errorHandler","decl":{"start":{"line":3,"column":24},"end":{"line":3,"column":36}},"loc":{"start":{"line":3,"column":96},"end":{"line":18,"column":1}}}},"branchMap":{"0":{"loc":{"start":{"line":5,"column":4},"end":{"line":15,"column":null}},"type":"if","locations":[{"start":{"line":5,"column":4},"end":{"line":15,"column":null}},{"start":{"line":7,"column":11},"end":{"line":15,"column":null}}]},"1":{"loc":{"start":{"line":7,"column":11},"end":{"line":15,"column":null}},"type":"if","locations":[{"start":{"line":7,"column":11},"end":{"line":15,"column":null}},{"start":{"line":9,"column":11},"end":{"line":15,"column":null}}]},"2":{"loc":{"start":{"line":9,"column":11},"end":{"line":15,"column":null}},"type":"if","locations":[{"start":{"line":9,"column":11},"end":{"line":15,"column":null}},{"start":{"line":11,"column":11},"end":{"line":15,"column":null}}]},"3":{"loc":{"start":{"line":11,"column":11},"end":{"line":15,"column":null}},"type":"if","locations":[{"start":{"line":11,"column":11},"end":{"line":15,"column":null}},{"start":{"line":13,"column":11},"end":{"line":15,"column":null}}]},"4":{"loc":{"start":{"line":13,"column":11},"end":{"line":15,"column":null}},"type":"if","locations":[{"start":{"line":13,"column":11},"end":{"line":15,"column":null}}]}},"s":{"0":22,"1":22,"2":8,"3":14,"4":6,"5":8,"6":4,"7":4,"8":4,"9":0,"10":0,"11":0,"12":13},"f":{"0":22},"b":{"0":[8,14],"1":[6,8],"2":[4,4],"3":[4,0],"4":[0]}}
,"/home/lucas/projetos/rating-backend/src/middlewares/schemasValidator.ts": {"path":"/home/lucas/projetos/rating-backend/src/middlewares/schemasValidator.ts","statementMap":{"0":{"start":{"line":5,"column":4},"end":{"line":12,"column":null}},"1":{"start":{"line":6,"column":27},"end":{"line":6,"column":52}},"2":{"start":{"line":8,"column":8},"end":{"line":10,"column":null}},"3":{"start":{"line":9,"column":12},"end":{"line":9,"column":null}},"4":{"start":{"line":11,"column":8},"end":{"line":11,"column":15}},"5":{"start":{"line":4,"column":0},"end":{"line":4,"column":24}}},"fnMap":{"0":{"name":"schemaValidator","decl":{"start":{"line":4,"column":24},"end":{"line":4,"column":39}},"loc":{"start":{"line":4,"column":60},"end":{"line":13,"column":1}}},"1":{"name":"(anonymous_1)","decl":{"start":{"line":5,"column":10},"end":{"line":5,"column":11}},"loc":{"start":{"line":5,"column":62},"end":{"line":12,"column":5}}}},"branchMap":{"0":{"loc":{"start":{"line":8,"column":8},"end":{"line":10,"column":null}},"type":"if","locations":[{"start":{"line":8,"column":8},"end":{"line":10,"column":null}}]}},"s":{"0":91,"1":57,"2":57,"3":8,"4":49,"5":13},"f":{"0":91,"1":57},"b":{"0":[8]}}
,"/home/lucas/projetos/rating-backend/src/repositories/attendanceRepository.ts": {"path":"/home/lucas/projetos/rating-backend/src/repositories/attendanceRepository.ts","statementMap":{"0":{"start":{"line":1,"column":0},"end":{"line":1,"column":47}},"1":{"start":{"line":2,"column":0},"end":{"line":2,"column":40}},"2":{"start":{"line":5,"column":43},"end":{"line":7,"column":6}},"3":{"start":{"line":9,"column":4},"end":{"line":9,"column":27}},"4":{"start":{"line":4,"column":0},"end":{"line":4,"column":22}},"5":{"start":{"line":13,"column":42},"end":{"line":15,"column":6}},"6":{"start":{"line":17,"column":4},"end":{"line":17,"column":26}},"7":{"start":{"line":12,"column":0},"end":{"line":12,"column":22}}},"fnMap":{"0":{"name":"worstRatingAttendance","decl":{"start":{"line":4,"column":22},"end":{"line":4,"column":43}},"loc":{"start":{"line":4,"column":43},"end":{"line":10,"column":null}}},"1":{"name":"bestRatingAttendance","decl":{"start":{"line":12,"column":22},"end":{"line":12,"column":42}},"loc":{"start":{"line":12,"column":42},"end":{"line":18,"column":null}}}},"branchMap":{},"s":{"0":13,"1":13,"2":0,"3":0,"4":13,"5":0,"6":0,"7":13},"f":{"0":0,"1":0},"b":{}}
,"/home/lucas/projetos/rating-backend/src/repositories/enviromentRepository.ts": {"path":"/home/lucas/projetos/rating-backend/src/repositories/enviromentRepository.ts","statementMap":{"0":{"start":{"line":1,"column":0},"end":{"line":1,"column":47}},"1":{"start":{"line":2,"column":0},"end":{"line":2,"column":40}},"2":{"start":{"line":5,"column":43},"end":{"line":7,"column":6}},"3":{"start":{"line":9,"column":4},"end":{"line":9,"column":27}},"4":{"start":{"line":4,"column":0},"end":{"line":4,"column":22}},"5":{"start":{"line":13,"column":42},"end":{"line":15,"column":6}},"6":{"start":{"line":17,"column":4},"end":{"line":17,"column":26}},"7":{"start":{"line":12,"column":0},"end":{"line":12,"column":22}}},"fnMap":{"0":{"name":"worstRatingEnviroment","decl":{"start":{"line":4,"column":22},"end":{"line":4,"column":43}},"loc":{"start":{"line":4,"column":43},"end":{"line":10,"column":null}}},"1":{"name":"bestRatingEnviroment","decl":{"start":{"line":12,"column":22},"end":{"line":12,"column":42}},"loc":{"start":{"line":12,"column":42},"end":{"line":18,"column":null}}}},"branchMap":{},"s":{"0":13,"1":13,"2":0,"3":0,"4":13,"5":0,"6":0,"7":13},"f":{"0":0,"1":0},"b":{}}
,"/home/lucas/projetos/rating-backend/src/repositories/foodRepository.ts": {"path":"/home/lucas/projetos/rating-backend/src/repositories/foodRepository.ts","statementMap":{"0":{"start":{"line":1,"column":0},"end":{"line":1,"column":47}},"1":{"start":{"line":2,"column":0},"end":{"line":2,"column":40}},"2":{"start":{"line":5,"column":37},"end":{"line":7,"column":6}},"3":{"start":{"line":9,"column":4},"end":{"line":9,"column":21}},"4":{"start":{"line":4,"column":0},"end":{"line":4,"column":22}},"5":{"start":{"line":13,"column":36},"end":{"line":15,"column":6}},"6":{"start":{"line":17,"column":4},"end":{"line":17,"column":20}},"7":{"start":{"line":12,"column":0},"end":{"line":12,"column":22}}},"fnMap":{"0":{"name":"worstRatingFood","decl":{"start":{"line":4,"column":22},"end":{"line":4,"column":37}},"loc":{"start":{"line":4,"column":37},"end":{"line":10,"column":null}}},"1":{"name":"bestRatingFood","decl":{"start":{"line":12,"column":22},"end":{"line":12,"column":36}},"loc":{"start":{"line":12,"column":36},"end":{"line":18,"column":null}}}},"branchMap":{},"s":{"0":13,"1":13,"2":0,"3":0,"4":13,"5":0,"6":0,"7":13},"f":{"0":0,"1":0},"b":{}}
,"/home/lucas/projetos/rating-backend/src/repositories/foodTypeRepository.ts": {"path":"/home/lucas/projetos/rating-backend/src/repositories/foodTypeRepository.ts","statementMap":{"0":{"start":{"line":2,"column":0},"end":{"line":2,"column":47}},"1":{"start":{"line":3,"column":0},"end":{"line":3,"column":41}},"2":{"start":{"line":6,"column":38},"end":{"line":13,"column":15}},"3":{"start":{"line":15,"column":4},"end":{"line":15,"column":22}},"4":{"start":{"line":5,"column":0},"end":{"line":5,"column":22}},"5":{"start":{"line":19,"column":18},"end":{"line":19,"column":67}},"6":{"start":{"line":21,"column":4},"end":{"line":21,"column":17}},"7":{"start":{"line":18,"column":0},"end":{"line":18,"column":22}}},"fnMap":{"0":{"name":"filterFoodType","decl":{"start":{"line":5,"column":22},"end":{"line":5,"column":36}},"loc":{"start":{"line":5,"column":51},"end":{"line":16,"column":null}}},"1":{"name":"getTypes","decl":{"start":{"line":18,"column":22},"end":{"line":18,"column":30}},"loc":{"start":{"line":18,"column":30},"end":{"line":22,"column":null}}}},"branchMap":{},"s":{"0":13,"1":13,"2":0,"3":0,"4":13,"5":0,"6":0,"7":13},"f":{"0":0,"1":0},"b":{}}
,"/home/lucas/projetos/rating-backend/src/repositories/localizationRepository.ts": {"path":"/home/lucas/projetos/rating-backend/src/repositories/localizationRepository.ts","statementMap":{"0":{"start":{"line":2,"column":0},"end":{"line":2,"column":41}},"1":{"start":{"line":3,"column":0},"end":{"line":3,"column":47}},"2":{"start":{"line":6,"column":29},"end":{"line":6,"column":70}},"3":{"start":{"line":8,"column":4},"end":{"line":8,"column":18}},"4":{"start":{"line":5,"column":0},"end":{"line":5,"column":22}},"5":{"start":{"line":12,"column":34},"end":{"line":16,"column":31}},"6":{"start":{"line":18,"column":4},"end":{"line":18,"column":18}},"7":{"start":{"line":11,"column":0},"end":{"line":11,"column":22}}},"fnMap":{"0":{"name":"getStates","decl":{"start":{"line":5,"column":22},"end":{"line":5,"column":31}},"loc":{"start":{"line":5,"column":31},"end":{"line":9,"column":null}}},"1":{"name":"getCities","decl":{"start":{"line":11,"column":22},"end":{"line":11,"column":31}},"loc":{"start":{"line":11,"column":55},"end":{"line":19,"column":null}}}},"branchMap":{},"s":{"0":13,"1":13,"2":1,"3":1,"4":13,"5":0,"6":0,"7":13},"f":{"0":1,"1":0},"b":{}}
,"/home/lucas/projetos/rating-backend/src/repositories/oauthRepository.ts": {"path":"/home/lucas/projetos/rating-backend/src/repositories/oauthRepository.ts","statementMap":{"0":{"start":{"line":1,"column":0},"end":{"line":1,"column":27}},"1":{"start":{"line":4,"column":21},"end":{"line":8,"column":6}},"2":{"start":{"line":10,"column":4},"end":{"line":10,"column":16}},"3":{"start":{"line":3,"column":0},"end":{"line":3,"column":22}},"4":{"start":{"line":14,"column":21},"end":{"line":18,"column":6}},"5":{"start":{"line":20,"column":4},"end":{"line":20,"column":16}},"6":{"start":{"line":13,"column":0},"end":{"line":13,"column":22}}},"fnMap":{"0":{"name":"postGitHubInfo","decl":{"start":{"line":3,"column":22},"end":{"line":3,"column":36}},"loc":{"start":{"line":3,"column":67},"end":{"line":11,"column":null}}},"1":{"name":"getGitHubInfo","decl":{"start":{"line":13,"column":22},"end":{"line":13,"column":35}},"loc":{"start":{"line":13,"column":76},"end":{"line":21,"column":null}}}},"branchMap":{},"s":{"0":13,"1":0,"2":0,"3":13,"4":0,"5":0,"6":13},"f":{"0":0,"1":0},"b":{}}
,"/home/lucas/projetos/rating-backend/src/repositories/placeRepository.ts": {"path":"/home/lucas/projetos/rating-backend/src/repositories/placeRepository.ts","statementMap":{"0":{"start":{"line":2,"column":0},"end":{"line":2,"column":47}},"1":{"start":{"line":3,"column":0},"end":{"line":3,"column":41}},"2":{"start":{"line":6,"column":34},"end":{"line":6,"column":86}},"3":{"start":{"line":8,"column":4},"end":{"line":8,"column":18}},"4":{"start":{"line":5,"column":0},"end":{"line":5,"column":22}},"5":{"start":{"line":12,"column":34},"end":{"line":12,"column":86}},"6":{"start":{"line":14,"column":4},"end":{"line":14,"column":18}},"7":{"start":{"line":11,"column":0},"end":{"line":11,"column":22}},"8":{"start":{"line":18,"column":44},"end":{"line":18,"column":106}},"9":{"start":{"line":20,"column":4},"end":{"line":20,"column":20}},"10":{"start":{"line":17,"column":0},"end":{"line":17,"column":22}},"11":{"start":{"line":24,"column":41},"end":{"line":24,"column":92}},"12":{"start":{"line":26,"column":4},"end":{"line":26,"column":21}},"13":{"start":{"line":23,"column":0},"end":{"line":23,"column":22}},"14":{"start":{"line":30,"column":41},"end":{"line":30,"column":95}},"15":{"start":{"line":32,"column":4},"end":{"line":32,"column":21}},"16":{"start":{"line":29,"column":0},"end":{"line":29,"column":22}},"17":{"start":{"line":36,"column":41},"end":{"line":36,"column":95}},"18":{"start":{"line":38,"column":4},"end":{"line":38,"column":21}},"19":{"start":{"line":35,"column":0},"end":{"line":35,"column":22}},"20":{"start":{"line":42,"column":4},"end":{"line":42,"column":null}},"21":{"start":{"line":41,"column":0},"end":{"line":41,"column":22}},"22":{"start":{"line":46,"column":41},"end":{"line":46,"column":90}},"23":{"start":{"line":48,"column":4},"end":{"line":48,"column":21}},"24":{"start":{"line":45,"column":0},"end":{"line":45,"column":22}},"25":{"start":{"line":52,"column":4},"end":{"line":52,"column":null}},"26":{"start":{"line":51,"column":0},"end":{"line":51,"column":22}},"27":{"start":{"line":56,"column":4},"end":{"line":56,"column":null}},"28":{"start":{"line":55,"column":0},"end":{"line":55,"column":22}},"29":{"start":{"line":60,"column":4},"end":{"line":60,"column":null}},"30":{"start":{"line":59,"column":0},"end":{"line":59,"column":22}},"31":{"start":{"line":64,"column":31},"end":{"line":98,"column":11}},"32":{"start":{"line":100,"column":4},"end":{"line":100,"column":17}},"33":{"start":{"line":63,"column":0},"end":{"line":63,"column":22}},"34":{"start":{"line":104,"column":34},"end":{"line":108,"column":28}},"35":{"start":{"line":110,"column":4},"end":{"line":110,"column":18}},"36":{"start":{"line":103,"column":0},"end":{"line":103,"column":22}}},"fnMap":{"0":{"name":"existCity","decl":{"start":{"line":5,"column":22},"end":{"line":5,"column":31}},"loc":{"start":{"line":5,"column":44},"end":{"line":9,"column":null}}},"1":{"name":"existCityId","decl":{"start":{"line":11,"column":22},"end":{"line":11,"column":33}},"loc":{"start":{"line":11,"column":48},"end":{"line":15,"column":null}}},"2":{"name":"existType","decl":{"start":{"line":17,"column":22},"end":{"line":17,"column":31}},"loc":{"start":{"line":17,"column":44},"end":{"line":21,"column":null}}},"3":{"name":"existName","decl":{"start":{"line":23,"column":22},"end":{"line":23,"column":31}},"loc":{"start":{"line":23,"column":44},"end":{"line":27,"column":null}}},"4":{"name":"existAddress","decl":{"start":{"line":29,"column":22},"end":{"line":29,"column":34}},"loc":{"start":{"line":29,"column":50},"end":{"line":33,"column":null}}},"5":{"name":"existWebsite","decl":{"start":{"line":35,"column":22},"end":{"line":35,"column":34}},"loc":{"start":{"line":35,"column":50},"end":{"line":39,"column":null}}},"6":{"name":"createPlace","decl":{"start":{"line":41,"column":22},"end":{"line":41,"column":33}},"loc":{"start":{"line":41,"column":88},"end":{"line":43,"column":null}}},"7":{"name":"findPlace","decl":{"start":{"line":45,"column":22},"end":{"line":45,"column":31}},"loc":{"start":{"line":45,"column":42},"end":{"line":49,"column":null}}},"8":{"name":"updateVerify","decl":{"start":{"line":51,"column":22},"end":{"line":51,"column":34}},"loc":{"start":{"line":51,"column":45},"end":{"line":53,"column":null}}},"9":{"name":"updateWebsite","decl":{"start":{"line":55,"column":22},"end":{"line":55,"column":35}},"loc":{"start":{"line":55,"column":62},"end":{"line":57,"column":null}}},"10":{"name":"updateDescription","decl":{"start":{"line":59,"column":22},"end":{"line":59,"column":39}},"loc":{"start":{"line":59,"column":70},"end":{"line":61,"column":null}}},"11":{"name":"getPlaceWithComments","decl":{"start":{"line":63,"column":22},"end":{"line":63,"column":42}},"loc":{"start":{"line":63,"column":53},"end":{"line":101,"column":null}}},"12":{"name":"searchPlace","decl":{"start":{"line":103,"column":22},"end":{"line":103,"column":33}},"loc":{"start":{"line":103,"column":47},"end":{"line":111,"column":null}}}},"branchMap":{},"s":{"0":13,"1":13,"2":11,"3":11,"4":13,"5":0,"6":0,"7":13,"8":10,"9":10,"10":13,"11":9,"12":9,"13":13,"14":8,"15":8,"16":13,"17":7,"18":7,"19":13,"20":6,"21":13,"22":1,"23":1,"24":13,"25":0,"26":13,"27":0,"28":13,"29":0,"30":13,"31":0,"32":0,"33":13,"34":2,"35":2,"36":13},"f":{"0":11,"1":0,"2":10,"3":9,"4":8,"5":7,"6":6,"7":1,"8":0,"9":0,"10":0,"11":0,"12":2},"b":{}}
,"/home/lucas/projetos/rating-backend/src/repositories/priceRepository.ts": {"path":"/home/lucas/projetos/rating-backend/src/repositories/priceRepository.ts","statementMap":{"0":{"start":{"line":1,"column":0},"end":{"line":1,"column":47}},"1":{"start":{"line":2,"column":0},"end":{"line":2,"column":40}},"2":{"start":{"line":5,"column":38},"end":{"line":7,"column":6}},"3":{"start":{"line":9,"column":4},"end":{"line":9,"column":22}},"4":{"start":{"line":4,"column":0},"end":{"line":4,"column":22}},"5":{"start":{"line":13,"column":37},"end":{"line":15,"column":6}},"6":{"start":{"line":17,"column":4},"end":{"line":17,"column":21}},"7":{"start":{"line":12,"column":0},"end":{"line":12,"column":22}}},"fnMap":{"0":{"name":"worstRatingPrice","decl":{"start":{"line":4,"column":22},"end":{"line":4,"column":38}},"loc":{"start":{"line":4,"column":38},"end":{"line":10,"column":null}}},"1":{"name":"bestRatingPrice","decl":{"start":{"line":12,"column":22},"end":{"line":12,"column":37}},"loc":{"start":{"line":12,"column":37},"end":{"line":18,"column":null}}}},"branchMap":{},"s":{"0":13,"1":13,"2":0,"3":0,"4":13,"5":0,"6":0,"7":13},"f":{"0":0,"1":0},"b":{}}
,"/home/lucas/projetos/rating-backend/src/repositories/ratingRepository.ts": {"path":"/home/lucas/projetos/rating-backend/src/repositories/ratingRepository.ts","statementMap":{"0":{"start":{"line":2,"column":0},"end":{"line":2,"column":40}},"1":{"start":{"line":3,"column":0},"end":{"line":3,"column":47}},"2":{"start":{"line":4,"column":0},"end":{"line":4,"column":40}},"3":{"start":{"line":7,"column":41},"end":{"line":7,"column":90}},"4":{"start":{"line":9,"column":4},"end":{"line":9,"column":21}},"5":{"start":{"line":6,"column":0},"end":{"line":6,"column":22}},"6":{"start":{"line":13,"column":47},"end":{"line":13,"column":146}},"7":{"start":{"line":15,"column":4},"end":{"line":15,"column":19}},"8":{"start":{"line":12,"column":0},"end":{"line":12,"column":22}},"9":{"start":{"line":19,"column":4},"end":{"line":19,"column":null}},"10":{"start":{"line":18,"column":0},"end":{"line":18,"column":22}},"11":{"start":{"line":23,"column":47},"end":{"line":23,"column":109}},"12":{"start":{"line":25,"column":4},"end":{"line":25,"column":null}},"13":{"start":{"line":22,"column":0},"end":{"line":22,"column":22}},"14":{"start":{"line":29,"column":4},"end":{"line":29,"column":78}},"15":{"start":{"line":28,"column":0},"end":{"line":28,"column":22}},"16":{"start":{"line":33,"column":34},"end":{"line":35,"column":6}},"17":{"start":{"line":37,"column":4},"end":{"line":37,"column":18}},"18":{"start":{"line":32,"column":0},"end":{"line":32,"column":22}},"19":{"start":{"line":41,"column":47},"end":{"line":47,"column":6}},"20":{"start":{"line":49,"column":4},"end":{"line":49,"column":31}},"21":{"start":{"line":40,"column":0},"end":{"line":40,"column":22}}},"fnMap":{"0":{"name":"findPlace","decl":{"start":{"line":6,"column":22},"end":{"line":6,"column":31}},"loc":{"start":{"line":6,"column":42},"end":{"line":10,"column":null}}},"1":{"name":"verifyRatingTime","decl":{"start":{"line":12,"column":22},"end":{"line":12,"column":38}},"loc":{"start":{"line":12,"column":74},"end":{"line":16,"column":null}}},"2":{"name":"createRating","decl":{"start":{"line":18,"column":22},"end":{"line":18,"column":34}},"loc":{"start":{"line":18,"column":90},"end":{"line":20,"column":null}}},"3":{"name":"allRatingsPlace","decl":{"start":{"line":22,"column":22},"end":{"line":22,"column":37}},"loc":{"start":{"line":22,"column":57},"end":{"line":26,"column":null}}},"4":{"name":"updatePlaceScore","decl":{"start":{"line":28,"column":22},"end":{"line":28,"column":38}},"loc":{"start":{"line":28,"column":72},"end":{"line":30,"column":null}}},"5":{"name":"getAllPlacesRating","decl":{"start":{"line":32,"column":22},"end":{"line":32,"column":40}},"loc":{"start":{"line":32,"column":40},"end":{"line":38,"column":null}}},"6":{"name":"placesWithoutRating","decl":{"start":{"line":40,"column":22},"end":{"line":40,"column":41}},"loc":{"start":{"line":40,"column":41},"end":{"line":50,"column":null}}}},"branchMap":{},"s":{"0":13,"1":13,"2":13,"3":0,"4":0,"5":13,"6":0,"7":0,"8":13,"9":0,"10":13,"11":0,"12":0,"13":13,"14":0,"15":13,"16":0,"17":0,"18":13,"19":0,"20":0,"21":13},"f":{"0":0,"1":0,"2":0,"3":0,"4":0,"5":0,"6":0},"b":{}}
,"/home/lucas/projetos/rating-backend/src/repositories/usersRepository.ts": {"path":"/home/lucas/projetos/rating-backend/src/repositories/usersRepository.ts","statementMap":{"0":{"start":{"line":2,"column":0},"end":{"line":2,"column":40}},"1":{"start":{"line":6,"column":4},"end":{"line":6,"column":50}},"2":{"start":{"line":5,"column":0},"end":{"line":5,"column":22}},"3":{"start":{"line":10,"column":40},"end":{"line":10,"column":93}},"4":{"start":{"line":12,"column":4},"end":{"line":12,"column":25}},"5":{"start":{"line":9,"column":0},"end":{"line":9,"column":22}},"6":{"start":{"line":16,"column":37},"end":{"line":16,"column":87}},"7":{"start":{"line":18,"column":4},"end":{"line":18,"column":22}},"8":{"start":{"line":15,"column":0},"end":{"line":15,"column":22}},"9":{"start":{"line":22,"column":31},"end":{"line":22,"column":83}},"10":{"start":{"line":24,"column":4},"end":{"line":24,"column":16}},"11":{"start":{"line":21,"column":0},"end":{"line":21,"column":22}},"12":{"start":{"line":28,"column":4},"end":{"line":28,"column":null}},"13":{"start":{"line":27,"column":0},"end":{"line":27,"column":22}}},"fnMap":{"0":{"name":"createUser","decl":{"start":{"line":5,"column":22},"end":{"line":5,"column":32}},"loc":{"start":{"line":5,"column":53},"end":{"line":7,"column":null}}},"1":{"name":"verifyExistUsername","decl":{"start":{"line":9,"column":22},"end":{"line":9,"column":41}},"loc":{"start":{"line":9,"column":58},"end":{"line":13,"column":null}}},"2":{"name":"verifyExistEmail","decl":{"start":{"line":15,"column":22},"end":{"line":15,"column":38}},"loc":{"start":{"line":15,"column":52},"end":{"line":19,"column":null}}},"3":{"name":"findUser","decl":{"start":{"line":21,"column":22},"end":{"line":21,"column":30}},"loc":{"start":{"line":21,"column":45},"end":{"line":25,"column":null}}},"4":{"name":"updateMainPhoto","decl":{"start":{"line":27,"column":22},"end":{"line":27,"column":37}},"loc":{"start":{"line":27,"column":67},"end":{"line":29,"column":null}}}},"branchMap":{},"s":{"0":14,"1":18,"2":14,"3":34,"4":34,"5":14,"6":33,"7":33,"8":14,"9":13,"10":13,"11":14,"12":1,"13":14},"f":{"0":18,"1":34,"2":33,"3":13,"4":1},"b":{}}
,"/home/lucas/projetos/rating-backend/src/routers/localizationRouter.ts": {"path":"/home/lucas/projetos/rating-backend/src/routers/localizationRouter.ts","statementMap":{"0":{"start":{"line":1,"column":0},"end":{"line":1,"column":33}},"1":{"start":{"line":2,"column":0},"end":{"line":2,"column":67}},"2":{"start":{"line":4,"column":27},"end":{"line":4,"column":35}},"3":{"start":{"line":6,"column":0},"end":{"line":6,"column":61}},"4":{"start":{"line":7,"column":0},"end":{"line":7,"column":null}},"5":{"start":{"line":9,"column":0},"end":{"line":9,"column":34}}},"fnMap":{},"branchMap":{},"s":{"0":13,"1":13,"2":13,"3":13,"4":13,"5":13},"f":{},"b":{}}
,"/home/lucas/projetos/rating-backend/src/routers/placesRouter.ts": {"path":"/home/lucas/projetos/rating-backend/src/routers/placesRouter.ts","statementMap":{"0":{"start":{"line":1,"column":0},"end":{"line":1,"column":33}},"1":{"start":{"line":2,"column":0},"end":{"line":2,"column":67}},"2":{"start":{"line":3,"column":0},"end":{"line":3,"column":66}},"3":{"start":{"line":4,"column":0},"end":{"line":4,"column":62}},"4":{"start":{"line":5,"column":0},"end":{"line":5,"column":93}},"5":{"start":{"line":7,"column":21},"end":{"line":7,"column":29}},"6":{"start":{"line":9,"column":0},"end":{"line":9,"column":118}},"7":{"start":{"line":10,"column":0},"end":{"line":10,"column":87}},"8":{"start":{"line":11,"column":0},"end":{"line":11,"column":121}},"9":{"start":{"line":12,"column":0},"end":{"line":12,"column":133}},"10":{"start":{"line":13,"column":0},"end":{"line":13,"column":58}},"11":{"start":{"line":14,"column":0},"end":{"line":14,"column":65}},"12":{"start":{"line":15,"column":0},"end":{"line":15,"column":53}},"13":{"start":{"line":17,"column":0},"end":{"line":17,"column":28}}},"fnMap":{},"branchMap":{},"s":{"0":13,"1":13,"2":13,"3":13,"4":13,"5":13,"6":13,"7":13,"8":13,"9":13,"10":13,"11":13,"12":13,"13":13},"f":{},"b":{}}
,"/home/lucas/projetos/rating-backend/src/routers/ratingRouter.ts": {"path":"/home/lucas/projetos/rating-backend/src/routers/ratingRouter.ts","statementMap":{"0":{"start":{"line":1,"column":0},"end":{"line":1,"column":33}},"1":{"start":{"line":2,"column":0},"end":{"line":2,"column":67}},"2":{"start":{"line":3,"column":0},"end":{"line":3,"column":66}},"3":{"start":{"line":4,"column":0},"end":{"line":4,"column":62}},"4":{"start":{"line":5,"column":0},"end":{"line":5,"column":55}},"5":{"start":{"line":7,"column":21},"end":{"line":7,"column":29}},"6":{"start":{"line":9,"column":0},"end":{"line":9,"column":111}},"7":{"start":{"line":10,"column":0},"end":{"line":10,"column":55}},"8":{"start":{"line":11,"column":0},"end":{"line":11,"column":67}},"9":{"start":{"line":12,"column":0},"end":{"line":12,"column":80}},"10":{"start":{"line":13,"column":0},"end":{"line":13,"column":79}},"11":{"start":{"line":14,"column":0},"end":{"line":14,"column":69}},"12":{"start":{"line":15,"column":0},"end":{"line":15,"column":null}},"13":{"start":{"line":17,"column":0},"end":{"line":17,"column":28}}},"fnMap":{},"branchMap":{},"s":{"0":13,"1":13,"2":13,"3":13,"4":13,"5":13,"6":13,"7":13,"8":13,"9":13,"10":13,"11":13,"12":13,"13":13},"f":{},"b":{}}
,"/home/lucas/projetos/rating-backend/src/routers/routers.ts": {"path":"/home/lucas/projetos/rating-backend/src/routers/routers.ts","statementMap":{"0":{"start":{"line":1,"column":0},"end":{"line":1,"column":33}},"1":{"start":{"line":2,"column":0},"end":{"line":2,"column":40}},"2":{"start":{"line":3,"column":0},"end":{"line":3,"column":42}},"3":{"start":{"line":4,"column":0},"end":{"line":4,"column":42}},"4":{"start":{"line":5,"column":0},"end":{"line":5,"column":54}},"5":{"start":{"line":7,"column":15},"end":{"line":7,"column":23}},"6":{"start":{"line":9,"column":0},"end":{"line":9,"column":24}},"7":{"start":{"line":10,"column":0},"end":{"line":10,"column":25}},"8":{"start":{"line":11,"column":0},"end":{"line":11,"column":25}},"9":{"start":{"line":12,"column":0},"end":{"line":12,"column":31}},"10":{"start":{"line":14,"column":0},"end":{"line":14,"column":22}}},"fnMap":{},"branchMap":{},"s":{"0":13,"1":13,"2":13,"3":13,"4":13,"5":13,"6":13,"7":13,"8":13,"9":13,"10":13},"f":{},"b":{}}
,"/home/lucas/projetos/rating-backend/src/routers/usersRouter.ts": {"path":"/home/lucas/projetos/rating-backend/src/routers/usersRouter.ts","statementMap":{"0":{"start":{"line":1,"column":0},"end":{"line":1,"column":33}},"1":{"start":{"line":2,"column":0},"end":{"line":2,"column":65}},"2":{"start":{"line":3,"column":0},"end":{"line":3,"column":66}},"3":{"start":{"line":4,"column":0},"end":{"line":4,"column":62}},"4":{"start":{"line":5,"column":0},"end":{"line":5,"column":86}},"5":{"start":{"line":7,"column":20},"end":{"line":7,"column":28}},"6":{"start":{"line":9,"column":0},"end":{"line":9,"column":82}},"7":{"start":{"line":10,"column":0},"end":{"line":10,"column":78}},"8":{"start":{"line":11,"column":0},"end":{"line":11,"column":63}},"9":{"start":{"line":12,"column":0},"end":{"line":12,"column":116}},"10":{"start":{"line":13,"column":0},"end":{"line":13,"column":73}},"11":{"start":{"line":15,"column":0},"end":{"line":15,"column":27}}},"fnMap":{},"branchMap":{},"s":{"0":13,"1":13,"2":13,"3":13,"4":13,"5":13,"6":13,"7":13,"8":13,"9":13,"10":13,"11":13},"f":{},"b":{}}
,"/home/lucas/projetos/rating-backend/src/schemas/placesSchema.ts": {"path":"/home/lucas/projetos/rating-backend/src/schemas/placesSchema.ts","statementMap":{"0":{"start":{"line":1,"column":0},"end":{"line":1,"column":21}},"1":{"start":{"line":3,"column":13},"end":{"line":11,"column":null}},"2":{"start":{"line":13,"column":13},"end":{"line":15,"column":null}},"3":{"start":{"line":17,"column":13},"end":{"line":19,"column":null}}},"fnMap":{},"branchMap":{},"s":{"0":13,"1":13,"2":13,"3":13},"f":{},"b":{}}
,"/home/lucas/projetos/rating-backend/src/schemas/ratingSchema.ts": {"path":"/home/lucas/projetos/rating-backend/src/schemas/ratingSchema.ts","statementMap":{"0":{"start":{"line":1,"column":0},"end":{"line":1,"column":22}},"1":{"start":{"line":3,"column":13},"end":{"line":9,"column":null}}},"fnMap":{},"branchMap":{},"s":{"0":13,"1":13},"f":{},"b":{}}
,"/home/lucas/projetos/rating-backend/src/schemas/usersSchema.ts": {"path":"/home/lucas/projetos/rating-backend/src/schemas/usersSchema.ts","statementMap":{"0":{"start":{"line":1,"column":0},"end":{"line":1,"column":21}},"1":{"start":{"line":3,"column":13},"end":{"line":10,"column":null}},"2":{"start":{"line":12,"column":13},"end":{"line":15,"column":null}},"3":{"start":{"line":17,"column":13},"end":{"line":19,"column":3}}},"fnMap":{},"branchMap":{},"s":{"0":13,"1":13,"2":13,"3":13},"f":{},"b":{}}
,"/home/lucas/projetos/rating-backend/src/services/oauthServices.ts": {"path":"/home/lucas/projetos/rating-backend/src/services/oauthServices.ts","statementMap":{"0":{"start":{"line":1,"column":0},"end":{"line":1,"column":30}},"1":{"start":{"line":2,"column":0},"end":{"line":2,"column":67}},"2":{"start":{"line":3,"column":0},"end":{"line":3,"column":28}},"3":{"start":{"line":5,"column":0},"end":{"line":5,"column":16}},"4":{"start":{"line":8,"column":44},"end":{"line":8,"column":89}},"5":{"start":{"line":9,"column":55},"end":{"line":9,"column":66}},"6":{"start":{"line":10,"column":27},"end":{"line":16,"column":6}},"7":{"start":{"line":18,"column":17},"end":{"line":18,"column":85}},"8":{"start":{"line":20,"column":23},"end":{"line":20,"column":37}},"9":{"start":{"line":21,"column":17},"end":{"line":21,"column":57}},"10":{"start":{"line":23,"column":4},"end":{"line":23,"column":16}},"11":{"start":{"line":7,"column":0},"end":{"line":7,"column":22}},"12":{"start":{"line":27,"column":17},"end":{"line":27,"column":59}},"13":{"start":{"line":29,"column":4},"end":{"line":29,"column":16}}},"fnMap":{"0":{"name":"github","decl":{"start":{"line":7,"column":22},"end":{"line":7,"column":28}},"loc":{"start":{"line":7,"column":41},"end":{"line":24,"column":null}}},"1":{"name":"fetchUser","decl":{"start":{"line":26,"column":15},"end":{"line":26,"column":24}},"loc":{"start":{"line":26,"column":65},"end":{"line":30,"column":null}}}},"branchMap":{},"s":{"0":13,"1":13,"2":13,"3":13,"4":0,"5":0,"6":0,"7":0,"8":0,"9":0,"10":0,"11":13,"12":0,"13":0},"f":{"0":0,"1":0},"b":{}}
,"/home/lucas/projetos/rating-backend/src/services/placesService.ts": {"path":"/home/lucas/projetos/rating-backend/src/services/placesService.ts","statementMap":{"0":{"start":{"line":2,"column":0},"end":{"line":2,"column":67}},"1":{"start":{"line":3,"column":0},"end":{"line":3,"column":81}},"2":{"start":{"line":4,"column":0},"end":{"line":4,"column":73}},"3":{"start":{"line":8,"column":32},"end":{"line":8,"column":69}},"4":{"start":{"line":10,"column":2},"end":{"line":10,"column":null}},"5":{"start":{"line":10,"column":14},"end":{"line":10,"column":null}},"6":{"start":{"line":12,"column":2},"end":{"line":12,"column":19}},"7":{"start":{"line":16,"column":42},"end":{"line":16,"column":79}},"8":{"start":{"line":18,"column":2},"end":{"line":18,"column":null}},"9":{"start":{"line":18,"column":16},"end":{"line":18,"column":null}},"10":{"start":{"line":20,"column":2},"end":{"line":20,"column":21}},"11":{"start":{"line":24,"column":39},"end":{"line":24,"column":76}},"12":{"start":{"line":26,"column":2},"end":{"line":26,"column":null}},"13":{"start":{"line":26,"column":16},"end":{"line":26,"column":null}},"14":{"start":{"line":30,"column":39},"end":{"line":30,"column":82}},"15":{"start":{"line":32,"column":2},"end":{"line":32,"column":null}},"16":{"start":{"line":32,"column":16},"end":{"line":32,"column":null}},"17":{"start":{"line":36,"column":39},"end":{"line":36,"column":82}},"18":{"start":{"line":38,"column":2},"end":{"line":38,"column":null}},"19":{"start":{"line":38,"column":16},"end":{"line":38,"column":null}},"20":{"start":{"line":42,"column":27},"end":{"line":42,"column":59}},"21":{"start":{"line":43,"column":27},"end":{"line":43,"column":59}},"22":{"start":{"line":45,"column":4},"end":{"line":45,"column":37}},"23":{"start":{"line":46,"column":4},"end":{"line":46,"column":43}},"24":{"start":{"line":47,"column":4},"end":{"line":47,"column":65}},"25":{"start":{"line":47,"column":26},"end":{"line":47,"column":65}},"26":{"start":{"line":49,"column":63},"end":{"line":57,"column":null}},"27":{"start":{"line":59,"column":4},"end":{"line":59,"column":45}},"28":{"start":{"line":41,"column":0},"end":{"line":41,"column":22}},"29":{"start":{"line":63,"column":35},"end":{"line":63,"column":70}},"30":{"start":{"line":65,"column":2},"end":{"line":65,"column":null}},"31":{"start":{"line":65,"column":13},"end":{"line":65,"column":null}},"32":{"start":{"line":67,"column":2},"end":{"line":67,"column":22}},"33":{"start":{"line":71,"column":26},"end":{"line":71,"column":45}},"34":{"start":{"line":72,"column":2},"end":{"line":72,"column":null}},"35":{"start":{"line":72,"column":13},"end":{"line":72,"column":null}},"36":{"start":{"line":74,"column":2},"end":{"line":74,"column":41}},"37":{"start":{"line":70,"column":0},"end":{"line":70,"column":22}},"38":{"start":{"line":78,"column":2},"end":{"line":78,"column":22}},"39":{"start":{"line":79,"column":2},"end":{"line":79,"column":50}},"40":{"start":{"line":77,"column":0},"end":{"line":77,"column":22}},"41":{"start":{"line":83,"column":2},"end":{"line":83,"column":22}},"42":{"start":{"line":84,"column":2},"end":{"line":84,"column":58}},"43":{"start":{"line":82,"column":0},"end":{"line":82,"column":22}},"44":{"start":{"line":88,"column":2},"end":{"line":88,"column":27}},"45":{"start":{"line":89,"column":23},"end":{"line":89,"column":74}},"46":{"start":{"line":91,"column":2},"end":{"line":101,"column":null}},"47":{"start":{"line":92,"column":4},"end":{"line":92,"column":59}},"48":{"start":{"line":92,"column":32},"end":{"line":92,"column":57}},"49":{"start":{"line":94,"column":37},"end":{"line":94,"column":77}},"50":{"start":{"line":95,"column":39},"end":{"line":95,"column":52}},"51":{"start":{"line":96,"column":4},"end":{"line":99,"column":null}},"52":{"start":{"line":97,"column":34},"end":{"line":97,"column":75}},"53":{"start":{"line":98,"column":6},"end":{"line":98,"column":42}},"54":{"start":{"line":100,"column":4},"end":{"line":100,"column":17}},"55":{"start":{"line":87,"column":0},"end":{"line":87,"column":22}},"56":{"start":{"line":105,"column":22},"end":{"line":105,"column":61}},"57":{"start":{"line":107,"column":2},"end":{"line":107,"column":null}},"58":{"start":{"line":107,"column":26},"end":{"line":107,"column":null}},"59":{"start":{"line":109,"column":2},"end":{"line":109,"column":16}},"60":{"start":{"line":104,"column":0},"end":{"line":104,"column":22}},"61":{"start":{"line":113,"column":27},"end":{"line":113,"column":67}},"62":{"start":{"line":115,"column":2},"end":{"line":115,"column":16}},"63":{"start":{"line":112,"column":0},"end":{"line":112,"column":22}},"64":{"start":{"line":119,"column":2},"end":{"line":119,"column":21}},"65":{"start":{"line":119,"column":12},"end":{"line":119,"column":21}},"66":{"start":{"line":120,"column":27},"end":{"line":120,"column":74}},"67":{"start":{"line":122,"column":2},"end":{"line":122,"column":16}},"68":{"start":{"line":118,"column":0},"end":{"line":118,"column":22}},"69":{"start":{"line":126,"column":35},"end":{"line":126,"column":70}},"70":{"start":{"line":128,"column":2},"end":{"line":128,"column":15}},"71":{"start":{"line":125,"column":0},"end":{"line":125,"column":22}}},"fnMap":{"0":{"name":"verifyCity","decl":{"start":{"line":7,"column":15},"end":{"line":7,"column":25}},"loc":{"start":{"line":7,"column":38},"end":{"line":13,"column":null}}},"1":{"name":"verifyType","decl":{"start":{"line":15,"column":15},"end":{"line":15,"column":25}},"loc":{"start":{"line":15,"column":38},"end":{"line":21,"column":null}}},"2":{"name":"verifyName","decl":{"start":{"line":23,"column":15},"end":{"line":23,"column":25}},"loc":{"start":{"line":23,"column":38},"end":{"line":27,"column":null}}},"3":{"name":"verifyAddress","decl":{"start":{"line":29,"column":15},"end":{"line":29,"column":28}},"loc":{"start":{"line":29,"column":44},"end":{"line":33,"column":null}}},"4":{"name":"verifyWebsite","decl":{"start":{"line":35,"column":15},"end":{"line":35,"column":28}},"loc":{"start":{"line":35,"column":44},"end":{"line":39,"column":null}}},"5":{"name":"createPlace","decl":{"start":{"line":41,"column":22},"end":{"line":41,"column":33}},"loc":{"start":{"line":41,"column":54},"end":{"line":60,"column":null}}},"6":{"name":"findPlace","decl":{"start":{"line":62,"column":15},"end":{"line":62,"column":24}},"loc":{"start":{"line":62,"column":35},"end":{"line":68,"column":null}}},"7":{"name":"updateVerify","decl":{"start":{"line":70,"column":22},"end":{"line":70,"column":34}},"loc":{"start":{"line":70,"column":45},"end":{"line":75,"column":null}}},"8":{"name":"updateWebsite","decl":{"start":{"line":77,"column":22},"end":{"line":77,"column":35}},"loc":{"start":{"line":77,"column":62},"end":{"line":80,"column":null}}},"9":{"name":"updateDescription","decl":{"start":{"line":82,"column":22},"end":{"line":82,"column":39}},"loc":{"start":{"line":82,"column":70},"end":{"line":85,"column":null}}},"10":{"name":"getPlaceWithRatings","decl":{"start":{"line":87,"column":22},"end":{"line":87,"column":41}},"loc":{"start":{"line":87,"column":57},"end":{"line":102,"column":null}}},"11":{"name":"(anonymous_35)","decl":{"start":{"line":92,"column":21},"end":{"line":92,"column":28}},"loc":{"start":{"line":92,"column":32},"end":{"line":92,"column":57}}},"12":{"name":"search","decl":{"start":{"line":104,"column":22},"end":{"line":104,"column":28}},"loc":{"start":{"line":104,"column":41},"end":{"line":110,"column":null}}},"13":{"name":"getStates","decl":{"start":{"line":112,"column":22},"end":{"line":112,"column":31}},"loc":{"start":{"line":112,"column":31},"end":{"line":116,"column":null}}},"14":{"name":"getCities","decl":{"start":{"line":118,"column":22},"end":{"line":118,"column":31}},"loc":{"start":{"line":118,"column":55},"end":{"line":123,"column":null}}},"15":{"name":"getTypes","decl":{"start":{"line":125,"column":22},"end":{"line":125,"column":30}},"loc":{"start":{"line":125,"column":30},"end":{"line":129,"column":null}}}},"branchMap":{"0":{"loc":{"start":{"line":10,"column":2},"end":{"line":10,"column":null}},"type":"if","locations":[{"start":{"line":10,"column":2},"end":{"line":10,"column":null}}]},"1":{"loc":{"start":{"line":18,"column":2},"end":{"line":18,"column":null}},"type":"if","locations":[{"start":{"line":18,"column":2},"end":{"line":18,"column":null}}]},"2":{"loc":{"start":{"line":26,"column":2},"end":{"line":26,"column":null}},"type":"if","locations":[{"start":{"line":26,"column":2},"end":{"line":26,"column":null}}]},"3":{"loc":{"start":{"line":32,"column":2},"end":{"line":32,"column":null}},"type":"if","locations":[{"start":{"line":32,"column":2},"end":{"line":32,"column":null}}]},"4":{"loc":{"start":{"line":38,"column":2},"end":{"line":38,"column":null}},"type":"if","locations":[{"start":{"line":38,"column":2},"end":{"line":38,"column":null}}]},"5":{"loc":{"start":{"line":47,"column":4},"end":{"line":47,"column":65}},"type":"if","locations":[{"start":{"line":47,"column":4},"end":{"line":47,"column":65}}]},"6":{"loc":{"start":{"line":51,"column":19},"end":{"line":51,"column":48}},"type":"binary-expr","locations":[{"start":{"line":51,"column":19},"end":{"line":51,"column":40}},{"start":{"line":51,"column":44},"end":{"line":51,"column":48}}]},"7":{"loc":{"start":{"line":52,"column":15},"end":{"line":52,"column":40}},"type":"binary-expr","locations":[{"start":{"line":52,"column":15},"end":{"line":52,"column":32}},{"start":{"line":52,"column":36},"end":{"line":52,"column":40}}]},"8":{"loc":{"start":{"line":65,"column":2},"end":{"line":65,"column":null}},"type":"if","locations":[{"start":{"line":65,"column":2},"end":{"line":65,"column":null}}]},"9":{"loc":{"start":{"line":72,"column":2},"end":{"line":72,"column":null}},"type":"if","locations":[{"start":{"line":72,"column":2},"end":{"line":72,"column":null}}]},"10":{"loc":{"start":{"line":91,"column":2},"end":{"line":101,"column":null}},"type":"if","locations":[{"start":{"line":91,"column":2},"end":{"line":101,"column":null}},{"start":{"line":93,"column":9},"end":{"line":101,"column":null}}]},"11":{"loc":{"start":{"line":95,"column":39},"end":{"line":95,"column":52}},"type":"cond-expr","locations":[{"start":{"line":95,"column":44},"end":{"line":95,"column":46}},{"start":{"line":95,"column":39},"end":{"line":95,"column":52}}]},"12":{"loc":{"start":{"line":95,"column":39},"end":{"line":95,"column":46}},"type":"binary-expr","locations":[{"start":{"line":95,"column":39},"end":{"line":95,"column":46}},{"start":{"line":95,"column":39},"end":{"line":95,"column":46}}]},"13":{"loc":{"start":{"line":96,"column":4},"end":{"line":99,"column":null}},"type":"if","locations":[{"start":{"line":96,"column":4},"end":{"line":99,"column":null}}]},"14":{"loc":{"start":{"line":98,"column":31},"end":{"line":98,"column":41}},"type":"cond-expr","locations":[{"start":{"line":98,"column":35},"end":{"line":98,"column":37}},{"start":{"line":98,"column":31},"end":{"line":98,"column":41}}]},"15":{"loc":{"start":{"line":98,"column":31},"end":{"line":98,"column":37}},"type":"binary-expr","locations":[{"start":{"line":98,"column":31},"end":{"line":98,"column":37}},{"start":{"line":98,"column":31},"end":{"line":98,"column":37}}]},"16":{"loc":{"start":{"line":107,"column":2},"end":{"line":107,"column":null}},"type":"if","locations":[{"start":{"line":107,"column":2},"end":{"line":107,"column":null}}]},"17":{"loc":{"start":{"line":119,"column":2},"end":{"line":119,"column":21}},"type":"if","locations":[{"start":{"line":119,"column":2},"end":{"line":119,"column":21}}]}},"s":{"0":13,"1":13,"2":13,"3":11,"4":11,"5":1,"6":10,"7":10,"8":10,"9":1,"10":9,"11":9,"12":9,"13":1,"14":8,"15":8,"16":1,"17":7,"18":7,"19":1,"20":11,"21":10,"22":9,"23":8,"24":7,"25":7,"26":6,"27":6,"28":13,"29":1,"30":1,"31":1,"32":0,"33":0,"34":0,"35":0,"36":0,"37":13,"38":0,"39":0,"40":13,"41":0,"42":0,"43":13,"44":1,"45":0,"46":0,"47":0,"48":0,"49":0,"50":0,"51":0,"52":0,"53":0,"54":0,"55":13,"56":2,"57":2,"58":1,"59":1,"60":13,"61":1,"62":1,"63":13,"64":0,"65":0,"66":0,"67":0,"68":13,"69":0,"70":0,"71":13},"f":{"0":11,"1":10,"2":9,"3":8,"4":7,"5":11,"6":1,"7":0,"8":0,"9":0,"10":1,"11":0,"12":2,"13":1,"14":0,"15":0},"b":{"0":[1],"1":[1],"2":[1],"3":[1],"4":[1],"5":[7],"6":[6,0],"7":[6,0],"8":[1],"9":[0],"10":[0,0],"11":[0,0],"12":[0,0],"13":[0],"14":[0,0],"15":[0,0],"16":[1],"17":[0]}}
,"/home/lucas/projetos/rating-backend/src/services/ratingService.ts": {"path":"/home/lucas/projetos/rating-backend/src/services/ratingService.ts","statementMap":{"0":{"start":{"line":2,"column":0},"end":{"line":2,"column":69}},"1":{"start":{"line":3,"column":0},"end":{"line":3,"column":66}},"2":{"start":{"line":4,"column":0},"end":{"line":4,"column":31}},"3":{"start":{"line":5,"column":0},"end":{"line":5,"column":26}},"4":{"start":{"line":6,"column":0},"end":{"line":6,"column":48}},"5":{"start":{"line":7,"column":0},"end":{"line":7,"column":65}},"6":{"start":{"line":8,"column":0},"end":{"line":8,"column":77}},"7":{"start":{"line":9,"column":0},"end":{"line":9,"column":77}},"8":{"start":{"line":10,"column":0},"end":{"line":10,"column":67}},"9":{"start":{"line":11,"column":0},"end":{"line":11,"column":73}},"10":{"start":{"line":12,"column":0},"end":{"line":12,"column":39}},"11":{"start":{"line":15,"column":49},"end":{"line":15,"column":108}},"12":{"start":{"line":17,"column":2},"end":{"line":17,"column":null}},"13":{"start":{"line":17,"column":29},"end":{"line":17,"column":null}},"14":{"start":{"line":19,"column":2},"end":{"line":34,"column":null}},"15":{"start":{"line":20,"column":25},"end":{"line":20,"column":60}},"16":{"start":{"line":21,"column":24},"end":{"line":21,"column":52}},"17":{"start":{"line":22,"column":26},"end":{"line":22,"column":56}},"18":{"start":{"line":23,"column":25},"end":{"line":23,"column":54}},"19":{"start":{"line":25,"column":30},"end":{"line":25,"column":53}},"20":{"start":{"line":26,"column":25},"end":{"line":26,"column":49}},"21":{"start":{"line":27,"column":26},"end":{"line":27,"column":53}},"22":{"start":{"line":28,"column":29},"end":{"line":28,"column":56}},"23":{"start":{"line":29,"column":28},"end":{"line":29,"column":56}},"24":{"start":{"line":31,"column":4},"end":{"line":33,"column":null}},"25":{"start":{"line":32,"column":6},"end":{"line":32,"column":null}},"26":{"start":{"line":38,"column":39},"end":{"line":38,"column":75}},"27":{"start":{"line":40,"column":2},"end":{"line":40,"column":null}},"28":{"start":{"line":40,"column":17},"end":{"line":40,"column":null}},"29":{"start":{"line":44,"column":2},"end":{"line":44,"column":44}},"30":{"start":{"line":45,"column":2},"end":{"line":45,"column":67}},"31":{"start":{"line":46,"column":26},"end":{"line":46,"column":113}},"32":{"start":{"line":48,"column":2},"end":{"line":48,"column":50}},"33":{"start":{"line":50,"column":2},"end":{"line":50,"column":17}},"34":{"start":{"line":43,"column":0},"end":{"line":43,"column":22}},"35":{"start":{"line":54,"column":45},"end":{"line":54,"column":96}},"36":{"start":{"line":55,"column":42},"end":{"line":55,"column":86}},"37":{"start":{"line":56,"column":2},"end":{"line":56,"column":33}},"38":{"start":{"line":58,"column":2},"end":{"line":62,"column":null}},"39":{"start":{"line":59,"column":26},"end":{"line":59,"column":104}},"40":{"start":{"line":60,"column":4},"end":{"line":60,"column":23}},"41":{"start":{"line":61,"column":4},"end":{"line":61,"column":74}},"42":{"start":{"line":53,"column":0},"end":{"line":53,"column":22}},"43":{"start":{"line":66,"column":2},"end":{"line":68,"column":null}},"44":{"start":{"line":66,"column":12},"end":{"line":66,"column":13}},"45":{"start":{"line":67,"column":4},"end":{"line":67,"column":40}},"46":{"start":{"line":70,"column":2},"end":{"line":70,"column":16}},"47":{"start":{"line":74,"column":24},"end":{"line":74,"column":67}},"48":{"start":{"line":75,"column":35},"end":{"line":75,"column":79}},"49":{"start":{"line":77,"column":27},"end":{"line":77,"column":63}},"50":{"start":{"line":79,"column":2},"end":{"line":79,"column":19}},"51":{"start":{"line":73,"column":0},"end":{"line":73,"column":22}},"52":{"start":{"line":83,"column":27},"end":{"line":83,"column":44}},"53":{"start":{"line":85,"column":2},"end":{"line":85,"column":18}},"54":{"start":{"line":89,"column":33},"end":{"line":89,"column":47}},"55":{"start":{"line":91,"column":2},"end":{"line":91,"column":24}},"56":{"start":{"line":95,"column":32},"end":{"line":95,"column":69}},"57":{"start":{"line":97,"column":2},"end":{"line":97,"column":16}},"58":{"start":{"line":101,"column":22},"end":{"line":101,"column":28}},"59":{"start":{"line":102,"column":2},"end":{"line":121,"column":null}},"60":{"start":{"line":103,"column":38},"end":{"line":103,"column":60}},"61":{"start":{"line":104,"column":4},"end":{"line":110,"column":null}},"62":{"start":{"line":104,"column":19},"end":{"line":104,"column":49}},"63":{"start":{"line":107,"column":29},"end":{"line":107,"column":67}},"64":{"start":{"line":108,"column":6},"end":{"line":108,"column":87}},"65":{"start":{"line":109,"column":6},"end":{"line":109,"column":23}},"66":{"start":{"line":112,"column":9},"end":{"line":121,"column":null}},"67":{"start":{"line":113,"column":38},"end":{"line":113,"column":60}},"68":{"start":{"line":114,"column":4},"end":{"line":120,"column":null}},"69":{"start":{"line":114,"column":19},"end":{"line":114,"column":49}},"70":{"start":{"line":117,"column":28},"end":{"line":117,"column":65}},"71":{"start":{"line":118,"column":6},"end":{"line":118,"column":86}},"72":{"start":{"line":119,"column":6},"end":{"line":119,"column":22}},"73":{"start":{"line":100,"column":0},"end":{"line":100,"column":22}},"74":{"start":{"line":125,"column":22},"end":{"line":125,"column":35}},"75":{"start":{"line":126,"column":2},"end":{"line":141,"column":null}},"76":{"start":{"line":127,"column":45},"end":{"line":127,"column":67}},"77":{"start":{"line":128,"column":4},"end":{"line":128,"column":63}},"78":{"start":{"line":128,"column":26},"end":{"line":128,"column":63}},"79":{"start":{"line":130,"column":33},"end":{"line":130,"column":83}},"80":{"start":{"line":131,"column":4},"end":{"line":131,"column":91}},"81":{"start":{"line":132,"column":4},"end":{"line":132,"column":27}},"82":{"start":{"line":134,"column":9},"end":{"line":141,"column":null}},"83":{"start":{"line":135,"column":45},"end":{"line":135,"column":67}},"84":{"start":{"line":136,"column":4},"end":{"line":136,"column":63}},"85":{"start":{"line":136,"column":26},"end":{"line":136,"column":63}},"86":{"start":{"line":138,"column":32},"end":{"line":138,"column":81}},"87":{"start":{"line":139,"column":4},"end":{"line":139,"column":90}},"88":{"start":{"line":140,"column":4},"end":{"line":140,"column":26}},"89":{"start":{"line":124,"column":0},"end":{"line":124,"column":22}},"90":{"start":{"line":145,"column":22},"end":{"line":145,"column":34}},"91":{"start":{"line":146,"column":2},"end":{"line":161,"column":null}},"92":{"start":{"line":147,"column":44},"end":{"line":147,"column":66}},"93":{"start":{"line":148,"column":4},"end":{"line":148,"column":61}},"94":{"start":{"line":148,"column":25},"end":{"line":148,"column":61}},"95":{"start":{"line":150,"column":33},"end":{"line":150,"column":83}},"96":{"start":{"line":151,"column":4},"end":{"line":151,"column":91}},"97":{"start":{"line":152,"column":4},"end":{"line":152,"column":27}},"98":{"start":{"line":154,"column":9},"end":{"line":161,"column":null}},"99":{"start":{"line":155,"column":44},"end":{"line":155,"column":66}},"100":{"start":{"line":156,"column":4},"end":{"line":156,"column":61}},"101":{"start":{"line":156,"column":25},"end":{"line":156,"column":61}},"102":{"start":{"line":158,"column":32},"end":{"line":158,"column":81}},"103":{"start":{"line":159,"column":4},"end":{"line":159,"column":90}},"104":{"start":{"line":160,"column":4},"end":{"line":160,"column":26}},"105":{"start":{"line":144,"column":0},"end":{"line":144,"column":22}},"106":{"start":{"line":165,"column":22},"end":{"line":165,"column":29}},"107":{"start":{"line":166,"column":2},"end":{"line":181,"column":null}},"108":{"start":{"line":167,"column":39},"end":{"line":167,"column":61}},"109":{"start":{"line":168,"column":4},"end":{"line":168,"column":51}},"110":{"start":{"line":168,"column":20},"end":{"line":168,"column":51}},"111":{"start":{"line":170,"column":28},"end":{"line":170,"column":68}},"112":{"start":{"line":171,"column":4},"end":{"line":171,"column":86}},"113":{"start":{"line":172,"column":4},"end":{"line":172,"column":22}},"114":{"start":{"line":174,"column":9},"end":{"line":181,"column":null}},"115":{"start":{"line":175,"column":39},"end":{"line":175,"column":61}},"116":{"start":{"line":176,"column":4},"end":{"line":176,"column":51}},"117":{"start":{"line":176,"column":20},"end":{"line":176,"column":51}},"118":{"start":{"line":178,"column":27},"end":{"line":178,"column":66}},"119":{"start":{"line":179,"column":4},"end":{"line":179,"column":85}},"120":{"start":{"line":180,"column":4},"end":{"line":180,"column":21}},"121":{"start":{"line":164,"column":0},"end":{"line":164,"column":22}},"122":{"start":{"line":185,"column":30},"end":{"line":185,"column":77}},"123":{"start":{"line":187,"column":2},"end":{"line":187,"column":24}},"124":{"start":{"line":184,"column":0},"end":{"line":184,"column":22}}},"fnMap":{"0":{"name":"verifyRatingTime","decl":{"start":{"line":14,"column":15},"end":{"line":14,"column":31}},"loc":{"start":{"line":14,"column":67},"end":{"line":35,"column":null}}},"1":{"name":"verifyPlace","decl":{"start":{"line":37,"column":15},"end":{"line":37,"column":26}},"loc":{"start":{"line":37,"column":37},"end":{"line":41,"column":null}}},"2":{"name":"createRanting","decl":{"start":{"line":43,"column":22},"end":{"line":43,"column":35}},"loc":{"start":{"line":43,"column":90},"end":{"line":51,"column":null}}},"3":{"name":"updateScore","decl":{"start":{"line":53,"column":22},"end":{"line":53,"column":33}},"loc":{"start":{"line":53,"column":69},"end":{"line":63,"column":null}}},"4":{"name":"organize","decl":{"start":{"line":65,"column":9},"end":{"line":65,"column":17}},"loc":{"start":{"line":65,"column":55},"end":{"line":71,"column":1}}},"5":{"name":"getAllPlacesRating","decl":{"start":{"line":73,"column":22},"end":{"line":73,"column":40}},"loc":{"start":{"line":73,"column":40},"end":{"line":80,"column":null}}},"6":{"name":"cachesKey","decl":{"start":{"line":82,"column":9},"end":{"line":82,"column":18}},"loc":{"start":{"line":82,"column":45},"end":{"line":86,"column":1}}},"7":{"name":"expirateTime","decl":{"start":{"line":88,"column":9},"end":{"line":88,"column":21}},"loc":{"start":{"line":88,"column":21},"end":{"line":92,"column":1}}},"8":{"name":"cache","decl":{"start":{"line":94,"column":15},"end":{"line":94,"column":20}},"loc":{"start":{"line":94,"column":47},"end":{"line":98,"column":null}}},"9":{"name":"getFilterByFood","decl":{"start":{"line":100,"column":22},"end":{"line":100,"column":37}},"loc":{"start":{"line":100,"column":51},"end":{"line":122,"column":null}}},"10":{"name":"getFilterByEnviroment","decl":{"start":{"line":124,"column":22},"end":{"line":124,"column":43}},"loc":{"start":{"line":124,"column":57},"end":{"line":142,"column":null}}},"11":{"name":"getFilterByAttendance","decl":{"start":{"line":144,"column":22},"end":{"line":144,"column":43}},"loc":{"start":{"line":144,"column":57},"end":{"line":162,"column":null}}},"12":{"name":"getFilterByPrice","decl":{"start":{"line":164,"column":22},"end":{"line":164,"column":38}},"loc":{"start":{"line":164,"column":52},"end":{"line":182,"column":null}}},"13":{"name":"getFilterByFoodType","decl":{"start":{"line":184,"column":22},"end":{"line":184,"column":41}},"loc":{"start":{"line":184,"column":56},"end":{"line":188,"column":null}}}},"branchMap":{"0":{"loc":{"start":{"line":17,"column":2},"end":{"line":17,"column":null}},"type":"if","locations":[{"start":{"line":17,"column":2},"end":{"line":17,"column":null}}]},"1":{"loc":{"start":{"line":19,"column":2},"end":{"line":34,"column":null}},"type":"if","locations":[{"start":{"line":19,"column":2},"end":{"line":34,"column":null}}]},"2":{"loc":{"start":{"line":31,"column":4},"end":{"line":33,"column":null}},"type":"if","locations":[{"start":{"line":31,"column":4},"end":{"line":33,"column":null}}]},"3":{"loc":{"start":{"line":31,"column":7},"end":{"line":31,"column":57}},"type":"binary-expr","locations":[{"start":{"line":31,"column":7},"end":{"line":31,"column":19}},{"start":{"line":31,"column":23},"end":{"line":31,"column":39}},{"start":{"line":31,"column":43},"end":{"line":31,"column":57}}]},"4":{"loc":{"start":{"line":40,"column":2},"end":{"line":40,"column":null}},"type":"if","locations":[{"start":{"line":40,"column":2},"end":{"line":40,"column":null}}]},"5":{"loc":{"start":{"line":58,"column":2},"end":{"line":62,"column":null}},"type":"if","locations":[{"start":{"line":58,"column":2},"end":{"line":62,"column":null}}]},"6":{"loc":{"start":{"line":58,"column":5},"end":{"line":58,"column":48}},"type":"binary-expr","locations":[{"start":{"line":58,"column":5},"end":{"line":58,"column":17}},{"start":{"line":58,"column":21},"end":{"line":58,"column":28}},{"start":{"line":58,"column":32},"end":{"line":58,"column":48}}]},"7":{"loc":{"start":{"line":102,"column":2},"end":{"line":121,"column":null}},"type":"if","locations":[{"start":{"line":102,"column":2},"end":{"line":121,"column":null}},{"start":{"line":112,"column":9},"end":{"line":121,"column":null}}]},"8":{"loc":{"start":{"line":104,"column":4},"end":{"line":110,"column":null}},"type":"if","locations":[{"start":{"line":104,"column":4},"end":{"line":110,"column":null}},{"start":{"line":106,"column":9},"end":{"line":110,"column":null}}]},"9":{"loc":{"start":{"line":112,"column":9},"end":{"line":121,"column":null}},"type":"if","locations":[{"start":{"line":112,"column":9},"end":{"line":121,"column":null}}]},"10":{"loc":{"start":{"line":114,"column":4},"end":{"line":120,"column":null}},"type":"if","locations":[{"start":{"line":114,"column":4},"end":{"line":120,"column":null}},{"start":{"line":116,"column":9},"end":{"line":120,"column":null}}]},"11":{"loc":{"start":{"line":126,"column":2},"end":{"line":141,"column":null}},"type":"if","locations":[{"start":{"line":126,"column":2},"end":{"line":141,"column":null}},{"start":{"line":134,"column":9},"end":{"line":141,"column":null}}]},"12":{"loc":{"start":{"line":128,"column":4},"end":{"line":128,"column":63}},"type":"if","locations":[{"start":{"line":128,"column":4},"end":{"line":128,"column":63}}]},"13":{"loc":{"start":{"line":134,"column":9},"end":{"line":141,"column":null}},"type":"if","locations":[{"start":{"line":134,"column":9},"end":{"line":141,"column":null}}]},"14":{"loc":{"start":{"line":136,"column":4},"end":{"line":136,"column":63}},"type":"if","locations":[{"start":{"line":136,"column":4},"end":{"line":136,"column":63}}]},"15":{"loc":{"start":{"line":146,"column":2},"end":{"line":161,"column":null}},"type":"if","locations":[{"start":{"line":146,"column":2},"end":{"line":161,"column":null}},{"start":{"line":154,"column":9},"end":{"line":161,"column":null}}]},"16":{"loc":{"start":{"line":148,"column":4},"end":{"line":148,"column":61}},"type":"if","locations":[{"start":{"line":148,"column":4},"end":{"line":148,"column":61}}]},"17":{"loc":{"start":{"line":154,"column":9},"end":{"line":161,"column":null}},"type":"if","locations":[{"start":{"line":154,"column":9},"end":{"line":161,"column":null}}]},"18":{"loc":{"start":{"line":156,"column":4},"end":{"line":156,"column":61}},"type":"if","locations":[{"start":{"line":156,"column":4},"end":{"line":156,"column":61}}]},"19":{"loc":{"start":{"line":166,"column":2},"end":{"line":181,"column":null}},"type":"if","locations":[{"start":{"line":166,"column":2},"end":{"line":181,"column":null}},{"start":{"line":174,"column":9},"end":{"line":181,"column":null}}]},"20":{"loc":{"start":{"line":168,"column":4},"end":{"line":168,"column":51}},"type":"if","locations":[{"start":{"line":168,"column":4},"end":{"line":168,"column":51}}]},"21":{"loc":{"start":{"line":174,"column":9},"end":{"line":181,"column":null}},"type":"if","locations":[{"start":{"line":174,"column":9},"end":{"line":181,"column":null}}]},"22":{"loc":{"start":{"line":176,"column":4},"end":{"line":176,"column":51}},"type":"if","locations":[{"start":{"line":176,"column":4},"end":{"line":176,"column":51}}]}},"s":{"0":13,"1":13,"2":13,"3":13,"4":13,"5":13,"6":13,"7":13,"8":13,"9":13,"10":13,"11":0,"12":0,"13":0,"14":0,"15":0,"16":0,"17":0,"18":0,"19":0,"20":0,"21":0,"22":0,"23":0,"24":0,"25":0,"26":0,"27":0,"28":0,"29":0,"30":0,"31":0,"32":0,"33":0,"34":13,"35":0,"36":0,"37":0,"38":0,"39":0,"40":0,"41":0,"42":13,"43":0,"44":0,"45":0,"46":0,"47":0,"48":0,"49":0,"50":0,"51":13,"52":0,"53":0,"54":0,"55":0,"56":0,"57":0,"58":0,"59":0,"60":0,"61":0,"62":0,"63":0,"64":0,"65":0,"66":0,"67":0,"68":0,"69":0,"70":0,"71":0,"72":0,"73":13,"74":0,"75":0,"76":0,"77":0,"78":0,"79":0,"80":0,"81":0,"82":0,"83":0,"84":0,"85":0,"86":0,"87":0,"88":0,"89":13,"90":0,"91":0,"92":0,"93":0,"94":0,"95":0,"96":0,"97":0,"98":0,"99":0,"100":0,"101":0,"102":0,"103":0,"104":0,"105":13,"106":0,"107":0,"108":0,"109":0,"110":0,"111":0,"112":0,"113":0,"114":0,"115":0,"116":0,"117":0,"118":0,"119":0,"120":0,"121":13,"122":0,"123":0,"124":13},"f":{"0":0,"1":0,"2":0,"3":0,"4":0,"5":0,"6":0,"7":0,"8":0,"9":0,"10":0,"11":0,"12":0,"13":0},"b":{"0":[0],"1":[0],"2":[0],"3":[0,0,0],"4":[0],"5":[0],"6":[0,0,0],"7":[0,0],"8":[0,0],"9":[0],"10":[0,0],"11":[0,0],"12":[0],"13":[0],"14":[0],"15":[0,0],"16":[0],"17":[0],"18":[0],"19":[0,0],"20":[0],"21":[0],"22":[0]}}
,"/home/lucas/projetos/rating-backend/src/services/usersService.ts": {"path":"/home/lucas/projetos/rating-backend/src/services/usersService.ts","statementMap":{"0":{"start":{"line":2,"column":0},"end":{"line":2,"column":66}},"1":{"start":{"line":4,"column":0},"end":{"line":4,"column":47}},"2":{"start":{"line":5,"column":0},"end":{"line":5,"column":31}},"3":{"start":{"line":8,"column":40},"end":{"line":8,"column":91}},"4":{"start":{"line":10,"column":4},"end":{"line":10,"column":25}},"5":{"start":{"line":14,"column":37},"end":{"line":14,"column":82}},"6":{"start":{"line":16,"column":4},"end":{"line":16,"column":22}},"7":{"start":{"line":20,"column":4},"end":{"line":20,"column":null}},"8":{"start":{"line":20,"column":35},"end":{"line":20,"column":null}},"9":{"start":{"line":24,"column":4},"end":{"line":24,"column":77}},"10":{"start":{"line":26,"column":40},"end":{"line":26,"column":84}},"11":{"start":{"line":27,"column":4},"end":{"line":27,"column":null}},"12":{"start":{"line":27,"column":22},"end":{"line":27,"column":null}},"13":{"start":{"line":29,"column":37},"end":{"line":29,"column":75}},"14":{"start":{"line":30,"column":4},"end":{"line":30,"column":null}},"15":{"start":{"line":30,"column":19},"end":{"line":30,"column":null}},"16":{"start":{"line":32,"column":4},"end":{"line":32,"column":null}},"17":{"start":{"line":33,"column":51},"end":{"line":33,"column":86}},"18":{"start":{"line":35,"column":4},"end":{"line":35,"column":65}},"19":{"start":{"line":23,"column":0},"end":{"line":23,"column":22}},"20":{"start":{"line":39,"column":28},"end":{"line":39,"column":73}},"21":{"start":{"line":41,"column":4},"end":{"line":41,"column":null}},"22":{"start":{"line":41,"column":16},"end":{"line":41,"column":null}},"23":{"start":{"line":45,"column":27},"end":{"line":45,"column":61}},"24":{"start":{"line":46,"column":44},"end":{"line":46,"column":67}},"25":{"start":{"line":48,"column":28},"end":{"line":52,"column":null}},"26":{"start":{"line":54,"column":30},"end":{"line":56,"column":null}},"27":{"start":{"line":58,"column":26},"end":{"line":58,"column":60}},"28":{"start":{"line":60,"column":4},"end":{"line":60,"column":17}},"29":{"start":{"line":64,"column":37},"end":{"line":64,"column":74}},"30":{"start":{"line":65,"column":41},"end":{"line":65,"column":81}},"31":{"start":{"line":67,"column":4},"end":{"line":67,"column":null}},"32":{"start":{"line":67,"column":38},"end":{"line":67,"column":null}},"33":{"start":{"line":69,"column":4},"end":{"line":98,"column":null}},"34":{"start":{"line":70,"column":37},"end":{"line":70,"column":56}},"35":{"start":{"line":71,"column":8},"end":{"line":71,"column":44}},"36":{"start":{"line":72,"column":30},"end":{"line":72,"column":73}},"37":{"start":{"line":74,"column":8},"end":{"line":82,"column":10}},"38":{"start":{"line":84,"column":11},"end":{"line":98,"column":null}},"39":{"start":{"line":85,"column":37},"end":{"line":85,"column":59}},"40":{"start":{"line":86,"column":8},"end":{"line":86,"column":44}},"41":{"start":{"line":87,"column":30},"end":{"line":87,"column":79}},"42":{"start":{"line":89,"column":8},"end":{"line":97,"column":null}},"43":{"start":{"line":63,"column":0},"end":{"line":63,"column":22}},"44":{"start":{"line":102,"column":4},"end":{"line":102,"column":56}},"45":{"start":{"line":101,"column":0},"end":{"line":101,"column":22}},"46":{"start":{"line":109,"column":4},"end":{"line":111,"column":null}},"47":{"start":{"line":110,"column":6},"end":{"line":110,"column":null}},"48":{"start":{"line":112,"column":4},"end":{"line":112,"column":null}}},"fnMap":{"0":{"name":"verifyExistUsername","decl":{"start":{"line":7,"column":15},"end":{"line":7,"column":34}},"loc":{"start":{"line":7,"column":51},"end":{"line":11,"column":null}}},"1":{"name":"verifyExistEmail","decl":{"start":{"line":13,"column":15},"end":{"line":13,"column":31}},"loc":{"start":{"line":13,"column":45},"end":{"line":17,"column":null}}},"2":{"name":"passwordConfirmPasswordMatch","decl":{"start":{"line":19,"column":9},"end":{"line":19,"column":37}},"loc":{"start":{"line":19,"column":79},"end":{"line":21,"column":1}}},"3":{"name":"signup","decl":{"start":{"line":23,"column":22},"end":{"line":23,"column":28}},"loc":{"start":{"line":23,"column":45},"end":{"line":36,"column":null}}},"4":{"name":"matchPassword","decl":{"start":{"line":38,"column":9},"end":{"line":38,"column":22}},"loc":{"start":{"line":38,"column":60},"end":{"line":42,"column":1}}},"5":{"name":"gerateToken","decl":{"start":{"line":44,"column":9},"end":{"line":44,"column":20}},"loc":{"start":{"line":44,"column":49},"end":{"line":61,"column":1}}},"6":{"name":"login","decl":{"start":{"line":63,"column":22},"end":{"line":63,"column":27}},"loc":{"start":{"line":63,"column":67},"end":{"line":99,"column":null}}},"7":{"name":"updatePhoto","decl":{"start":{"line":101,"column":22},"end":{"line":101,"column":33}},"loc":{"start":{"line":101,"column":62},"end":{"line":103,"column":null}}},"8":{"name":"exclude","decl":{"start":{"line":105,"column":9},"end":{"line":105,"column":16}},"loc":{"start":{"line":107,"column":18},"end":{"line":113,"column":3}}}},"branchMap":{"0":{"loc":{"start":{"line":20,"column":4},"end":{"line":20,"column":null}},"type":"if","locations":[{"start":{"line":20,"column":4},"end":{"line":20,"column":null}}]},"1":{"loc":{"start":{"line":27,"column":4},"end":{"line":27,"column":null}},"type":"if","locations":[{"start":{"line":27,"column":4},"end":{"line":27,"column":null}}]},"2":{"loc":{"start":{"line":30,"column":4},"end":{"line":30,"column":null}},"type":"if","locations":[{"start":{"line":30,"column":4},"end":{"line":30,"column":null}}]},"3":{"loc":{"start":{"line":41,"column":4},"end":{"line":41,"column":null}},"type":"if","locations":[{"start":{"line":41,"column":4},"end":{"line":41,"column":null}}]},"4":{"loc":{"start":{"line":45,"column":27},"end":{"line":45,"column":61}},"type":"cond-expr","locations":[{"start":{"line":45,"column":55},"end":{"line":45,"column":59}},{"start":{"line":45,"column":59},"end":{"line":45,"column":61}}]},"5":{"loc":{"start":{"line":45,"column":27},"end":{"line":45,"column":59}},"type":"binary-expr","locations":[{"start":{"line":45,"column":27},"end":{"line":45,"column":59}},{"start":{"line":45,"column":55},"end":{"line":45,"column":59}}]},"6":{"loc":{"start":{"line":67,"column":4},"end":{"line":67,"column":null}},"type":"if","locations":[{"start":{"line":67,"column":4},"end":{"line":67,"column":null}}]},"7":{"loc":{"start":{"line":67,"column":7},"end":{"line":67,"column":36}},"type":"binary-expr","locations":[{"start":{"line":67,"column":7},"end":{"line":67,"column":18}},{"start":{"line":67,"column":22},"end":{"line":67,"column":36}}]},"8":{"loc":{"start":{"line":69,"column":4},"end":{"line":98,"column":null}},"type":"if","locations":[{"start":{"line":69,"column":4},"end":{"line":98,"column":null}},{"start":{"line":84,"column":11},"end":{"line":98,"column":null}}]},"9":{"loc":{"start":{"line":84,"column":11},"end":{"line":98,"column":null}},"type":"if","locations":[{"start":{"line":84,"column":11},"end":{"line":98,"column":null}}]}},"s":{"0":14,"1":14,"2":14,"3":39,"4":39,"5":37,"6":37,"7":24,"8":1,"9":24,"10":23,"11":23,"12":2,"13":21,"14":21,"15":2,"16":19,"17":19,"18":19,"19":14,"20":14,"21":14,"22":1,"23":13,"24":13,"25":13,"26":13,"27":13,"28":13,"29":16,"30":16,"31":16,"32":2,"33":14,"34":13,"35":13,"36":12,"37":12,"38":1,"39":1,"40":1,"41":1,"42":1,"43":14,"44":1,"45":14,"46":19,"47":19,"48":19},"f":{"0":39,"1":37,"2":24,"3":24,"4":14,"5":13,"6":16,"7":1,"8":19},"b":{"0":[1],"1":[2],"2":[2],"3":[1],"4":[13,0],"5":[13,13],"6":[2],"7":[16,3],"8":[13,1],"9":[1]}}
,"/home/lucas/projetos/rating-backend/src/utils/query.ts": {"path":"/home/lucas/projetos/rating-backend/src/utils/query.ts","statementMap":{"0":{"start":{"line":1,"column":13},"end":{"line":7,"column":null}}},"fnMap":{},"branchMap":{},"s":{"0":13},"f":{},"b":{}}
,"/home/lucas/projetos/rating-backend/src/utils/transformMonth.ts": {"path":"/home/lucas/projetos/rating-backend/src/utils/transformMonth.ts","statementMap":{"0":{"start":{"line":2,"column":4},"end":{"line":16,"column":null}},"1":{"start":{"line":3,"column":20},"end":{"line":3,"column":29}},"2":{"start":{"line":4,"column":20},"end":{"line":4,"column":29}},"3":{"start":{"line":5,"column":20},"end":{"line":5,"column":29}},"4":{"start":{"line":6,"column":20},"end":{"line":6,"column":29}},"5":{"start":{"line":7,"column":20},"end":{"line":7,"column":29}},"6":{"start":{"line":8,"column":20},"end":{"line":8,"column":29}},"7":{"start":{"line":9,"column":20},"end":{"line":9,"column":29}},"8":{"start":{"line":10,"column":20},"end":{"line":10,"column":29}},"9":{"start":{"line":11,"column":20},"end":{"line":11,"column":29}},"10":{"start":{"line":12,"column":20},"end":{"line":12,"column":30}},"11":{"start":{"line":13,"column":20},"end":{"line":13,"column":30}},"12":{"start":{"line":14,"column":20},"end":{"line":14,"column":30}},"13":{"start":{"line":15,"column":17},"end":{"line":15,"column":null}},"14":{"start":{"line":1,"column":0},"end":{"line":1,"column":24}}},"fnMap":{"0":{"name":"transform","decl":{"start":{"line":1,"column":24},"end":{"line":1,"column":33}},"loc":{"start":{"line":1,"column":47},"end":{"line":17,"column":2}}}},"branchMap":{"0":{"loc":{"start":{"line":2,"column":4},"end":{"line":16,"column":null}},"type":"switch","locations":[{"start":{"line":3,"column":8},"end":{"line":3,"column":29}},{"start":{"line":4,"column":8},"end":{"line":4,"column":29}},{"start":{"line":5,"column":8},"end":{"line":5,"column":29}},{"start":{"line":6,"column":8},"end":{"line":6,"column":29}},{"start":{"line":7,"column":8},"end":{"line":7,"column":29}},{"start":{"line":8,"column":8},"end":{"line":8,"column":29}},{"start":{"line":9,"column":8},"end":{"line":9,"column":29}},{"start":{"line":10,"column":8},"end":{"line":10,"column":29}},{"start":{"line":11,"column":8},"end":{"line":11,"column":29}},{"start":{"line":12,"column":8},"end":{"line":12,"column":30}},{"start":{"line":13,"column":8},"end":{"line":13,"column":30}},{"start":{"line":14,"column":8},"end":{"line":14,"column":30}},{"start":{"line":15,"column":8},"end":{"line":15,"column":null}}]}},"s":{"0":0,"1":0,"2":0,"3":0,"4":0,"5":0,"6":0,"7":0,"8":0,"9":0,"10":0,"11":0,"12":0,"13":0,"14":13},"f":{"0":0},"b":{"0":[0,0,0,0,0,0,0,0,0,0,0,0,0]}}
,"/home/lucas/projetos/rating-backend/src/utils/cripts/crypts.ts": {"path":"/home/lucas/projetos/rating-backend/src/utils/cripts/crypts.ts","statementMap":{"0":{"start":{"line":1,"column":0},"end":{"line":1,"column":28}},"1":{"start":{"line":2,"column":0},"end":{"line":2,"column":28}},"2":{"start":{"line":5,"column":27},"end":{"line":5,"column":59}},"3":{"start":{"line":6,"column":28},"end":{"line":6,"column":56}},"4":{"start":{"line":8,"column":4},"end":{"line":8,"column":19}},"5":{"start":{"line":12,"column":27},"end":{"line":12,"column":59}},"6":{"start":{"line":13,"column":29},"end":{"line":13,"column":56}},"7":{"start":{"line":15,"column":4},"end":{"line":15,"column":20}},"8":{"start":{"line":19,"column":28},"end":{"line":19,"column":61}},"9":{"start":{"line":21,"column":4},"end":{"line":21,"column":19}},"10":{"start":{"line":25,"column":29},"end":{"line":25,"column":69}},"11":{"start":{"line":27,"column":4},"end":{"line":27,"column":19}},"12":{"start":{"line":30,"column":13},"end":{"line":35,"column":null}}},"fnMap":{"0":{"name":"encryptByCrypt","decl":{"start":{"line":4,"column":9},"end":{"line":4,"column":23}},"loc":{"start":{"line":4,"column":44},"end":{"line":9,"column":1}}},"1":{"name":"descriptByCrypt","decl":{"start":{"line":11,"column":9},"end":{"line":11,"column":24}},"loc":{"start":{"line":11,"column":44},"end":{"line":16,"column":1}}},"2":{"name":"encriptByBcrypt","decl":{"start":{"line":18,"column":9},"end":{"line":18,"column":24}},"loc":{"start":{"line":18,"column":45},"end":{"line":22,"column":1}}},"3":{"name":"descriptByBcrypt","decl":{"start":{"line":24,"column":9},"end":{"line":24,"column":25}},"loc":{"start":{"line":24,"column":63},"end":{"line":28,"column":1}}}},"branchMap":{},"s":{"0":14,"1":14,"2":0,"3":0,"4":0,"5":0,"6":0,"7":0,"8":19,"9":19,"10":13,"11":13,"12":14},"f":{"0":0,"1":0,"2":19,"3":13},"b":{}}
}
