TN:
SF:src/index.ts
FNF:0
FNH:0
DA:1,13
DA:2,13
DA:3,13
DA:4,13
DA:5,13
DA:6,13
DA:7,13
DA:9,13
DA:10,13
DA:11,13
DA:13,13
DA:14,13
DA:16,13
LF:13
LH:13
BRF:0
BRH:0
end_of_record
TN:
SF:src/controllers/localizationController.ts
FN:5,getStates
FN:11,getCities
FNF:2
FNH:2
FNDA:1,getStates
FNDA:2,getCities
DA:1,13
DA:5,13
DA:6,1
DA:8,1
DA:11,13
DA:12,2
DA:13,2
DA:15,2
DA:17,1
LF:9
LH:9
BRF:0
BRH:0
end_of_record
TN:
SF:src/controllers/placesController.ts
FN:6,createPlaces
FN:13,updateVerify
FN:21,updateWebsite
FN:30,updateDescription
FN:39,getPlace
FN:47,searchPlace
FN:54,getTypes
FNF:7
FNH:7
FNDA:15,createPlaces
FNDA:3,updateVerify
FNDA:1,updateWebsite
FNDA:1,updateDescription
FNDA:2,getPlace
FNDA:2,searchPlace
FNDA:1,getTypes
DA:3,13
DA:6,13
DA:7,15
DA:9,15
DA:10,11
DA:13,13
DA:14,3
DA:16,3
DA:18,2
DA:21,13
DA:22,1
DA:23,1
DA:25,1
DA:27,1
DA:30,13
DA:31,1
DA:32,1
DA:34,1
DA:36,1
DA:39,13
DA:40,2
DA:42,2
DA:44,1
DA:47,13
DA:48,2
DA:49,2
DA:51,1
DA:54,13
DA:55,1
DA:57,1
LF:30
LH:30
BRF:0
BRH:0
end_of_record
TN:
SF:src/controllers/ratingController.ts
FN:6,createRating
FN:25,getPlaces
FN:31,foodPlaces
FN:38,attendancePlaces
FN:45,enviromentPlaces
FN:52,pricePlaces
FN:59,filterFoodType
FNF:7
FNH:1
FNDA:0,createRating
FNDA:5,getPlaces
FNDA:0,foodPlaces
FNDA:0,attendancePlaces
FNDA:0,enviromentPlaces
FNDA:0,pricePlaces
FNDA:0,filterFoodType
DA:3,13
DA:6,13
DA:7,0
DA:8,0
DA:9,0
DA:10,0
DA:20,0
DA:21,0
DA:22,0
DA:25,13
DA:26,5
DA:28,5
DA:31,13
DA:32,0
DA:33,0
DA:35,0
DA:38,13
DA:39,0
DA:40,0
DA:42,0
DA:45,13
DA:46,0
DA:47,0
DA:49,0
DA:52,13
DA:53,0
DA:54,0
DA:56,0
DA:59,13
DA:60,0
DA:61,0
DA:63,0
LF:32
LH:10
BRDA:17,0,0,0
BRDA:17,0,1,0
BRF:2
BRH:0
end_of_record
TN:
SF:src/controllers/usersController.ts
FN:6,signup
FN:14,login
FN:22,githubLogin
FN:31,updateMainPhoto
FN:39,verifyAuth
FNF:5
FNH:4
FNDA:26,signup
FNDA:19,login
FNDA:0,githubLogin
FNDA:1,updateMainPhoto
FNDA:1,verifyAuth
DA:2,13
DA:4,13
DA:6,13
DA:7,26
DA:9,26
DA:11,23
DA:14,13
DA:15,19
DA:17,19
DA:19,17
DA:22,13
DA:23,0
DA:24,0
DA:26,0
DA:28,0
DA:31,13
DA:32,1
DA:33,1
DA:35,1
DA:36,1
DA:39,13
DA:40,1
LF:22
LH:18
BRF:0
BRH:0
end_of_record
TN:
SF:src/databases/postgres.ts
FNF:0
FNH:0
DA:1,13
DA:2,13
DA:4,13
DA:5,13
DA:7,13
DA:14,13
DA:15,13
LF:7
LH:7
BRF:0
BRH:0
end_of_record
TN:
SF:src/databases/prisma.ts
FNF:0
FNH:0
DA:1,14
DA:3,14
DA:4,14
DA:5,14
LF:4
LH:4
BRF:0
BRH:0
end_of_record
TN:
SF:src/databases/redis.ts
FN:13,connecting
FNF:1
FNH:1
FNDA:13,connecting
DA:1,13
DA:2,13
DA:4,13
DA:6,13
DA:14,13
DA:17,13
DA:19,13
LF:7
LH:7
BRF:0
BRH:0
end_of_record
TN:
SF:src/middlewares/authMiddleware.ts
FN:6,validateTokenAuth
FNF:1
FNH:1
FNDA:24,validateTokenAuth
DA:3,13
DA:4,13
DA:6,13
DA:7,24
DA:8,24
DA:10,24
DA:12,23
DA:13,23
DA:14,23
DA:15,22
DA:16,22
DA:17,22
DA:19,1
LF:13
LH:13
BRDA:8,0,0,1
BRDA:8,0,1,23
BRDA:8,1,0,24
BRDA:8,1,1,24
BRDA:10,2,0,1
BRDA:13,3,0,23
BRDA:13,3,1,0
BRDA:13,4,0,23
BRDA:13,4,1,23
BRF:9
BRH:8
end_of_record
TN:
SF:src/middlewares/errorHandler.ts
FN:3,errorHandler
FNF:1
FNH:1
FNDA:24,errorHandler
DA:3,13
DA:4,24
DA:5,24
DA:6,9
DA:7,15
DA:8,5
DA:9,10
DA:10,4
DA:11,6
DA:12,5
DA:13,1
DA:14,1
DA:17,0
LF:13
LH:12
BRDA:5,0,0,9
BRDA:5,0,1,15
BRDA:7,1,0,5
BRDA:7,1,1,10
BRDA:9,2,0,4
BRDA:9,2,1,6
BRDA:11,3,0,5
BRDA:11,3,1,1
BRDA:13,4,0,1
BRF:9
BRH:9
end_of_record
TN:
SF:src/middlewares/schemasValidator.ts
FN:4,schemaValidator
FN:5,(anonymous_1)
FNF:2
FNH:2
FNDA:91,schemaValidator
FNDA:74,(anonymous_1)
DA:4,13
DA:5,91
DA:6,74
DA:8,74
DA:9,9
DA:11,65
LF:6
LH:6
BRDA:8,0,0,9
BRF:1
BRH:1
end_of_record
TN:
SF:src/repositories/attendanceRepository.ts
FN:4,worstRatingAttendance
FN:12,bestRatingAttendance
FNF:2
FNH:0
FNDA:0,worstRatingAttendance
FNDA:0,bestRatingAttendance
DA:1,13
DA:2,13
DA:4,13
DA:5,0
DA:9,0
DA:12,13
DA:13,0
DA:17,0
LF:8
LH:4
BRF:0
BRH:0
end_of_record
TN:
SF:src/repositories/enviromentRepository.ts
FN:4,worstRatingEnviroment
FN:12,bestRatingEnviroment
FNF:2
FNH:0
FNDA:0,worstRatingEnviroment
FNDA:0,bestRatingEnviroment
DA:1,13
DA:2,13
DA:4,13
DA:5,0
DA:9,0
DA:12,13
DA:13,0
DA:17,0
LF:8
LH:4
BRF:0
BRH:0
end_of_record
TN:
SF:src/repositories/foodRepository.ts
FN:4,worstRatingFood
FN:12,bestRatingFood
FNF:2
FNH:0
FNDA:0,worstRatingFood
FNDA:0,bestRatingFood
DA:1,13
DA:2,13
DA:4,13
DA:5,0
DA:9,0
DA:12,13
DA:13,0
DA:17,0
LF:8
LH:4
BRF:0
BRH:0
end_of_record
TN:
SF:src/repositories/foodTypeRepository.ts
FN:5,filterFoodType
FN:18,getTypes
FNF:2
FNH:1
FNDA:0,filterFoodType
FNDA:1,getTypes
DA:2,13
DA:3,13
DA:5,13
DA:6,0
DA:15,0
DA:18,13
DA:19,1
DA:21,1
LF:8
LH:6
BRF:0
BRH:0
end_of_record
TN:
SF:src/repositories/localizationRepository.ts
FN:5,getStates
FN:11,getCities
FNF:2
FNH:2
FNDA:1,getStates
FNDA:2,getCities
DA:2,13
DA:3,13
DA:5,13
DA:6,1
DA:8,1
DA:11,13
DA:12,2
DA:18,2
LF:8
LH:8
BRF:0
BRH:0
end_of_record
TN:
SF:src/repositories/oauthRepository.ts
FN:3,postGitHubInfo
FN:13,getGitHubInfo
FNF:2
FNH:0
FNDA:0,postGitHubInfo
FNDA:0,getGitHubInfo
DA:1,13
DA:3,13
DA:4,0
DA:10,0
DA:13,13
DA:14,0
DA:20,0
LF:7
LH:3
BRF:0
BRH:0
end_of_record
TN:
SF:src/repositories/placeRepository.ts
FN:5,existCity
FN:11,existCityId
FN:17,existType
FN:23,existName
FN:29,existAddress
FN:35,existWebsite
FN:41,createPlace
FN:45,findPlace
FN:51,updateVerify
FN:55,updateWebsite
FN:59,updateDescription
FN:63,getPlaceWithComments
FN:103,searchPlace
FNF:13
FNH:13
FNDA:15,existCity
FNDA:1,existCityId
FNDA:14,existType
FNDA:13,existName
FNDA:12,existAddress
FNDA:12,existWebsite
FNDA:11,createPlace
FNDA:8,findPlace
FNDA:2,updateVerify
FNDA:1,updateWebsite
FNDA:1,updateDescription
FNDA:1,getPlaceWithComments
FNDA:2,searchPlace
DA:2,13
DA:3,13
DA:5,13
DA:6,15
DA:8,15
DA:11,13
DA:12,1
DA:14,1
DA:17,13
DA:18,14
DA:20,14
DA:23,13
DA:24,13
DA:26,13
DA:29,13
DA:30,12
DA:32,12
DA:35,13
DA:36,12
DA:38,12
DA:41,13
DA:42,11
DA:45,13
DA:46,8
DA:48,8
DA:51,13
DA:52,2
DA:55,13
DA:56,1
DA:59,13
DA:60,1
DA:63,13
DA:64,1
DA:100,1
DA:103,13
DA:104,2
DA:110,2
LF:37
LH:37
BRF:0
BRH:0
end_of_record
TN:
SF:src/repositories/priceRepository.ts
FN:4,worstRatingPrice
FN:12,bestRatingPrice
FNF:2
FNH:0
FNDA:0,worstRatingPrice
FNDA:0,bestRatingPrice
DA:1,13
DA:2,13
DA:4,13
DA:5,0
DA:9,0
DA:12,13
DA:13,0
DA:17,0
LF:8
LH:4
BRF:0
BRH:0
end_of_record
TN:
SF:src/repositories/ratingRepository.ts
FN:6,findPlace
FN:12,verifyRatingTime
FN:18,createRating
FN:22,allRatingsPlace
FN:28,updatePlaceScore
FN:32,getAllPlacesRating
FN:40,placesWithoutRating
FNF:7
FNH:2
FNDA:0,findPlace
FNDA:0,verifyRatingTime
FNDA:0,createRating
FNDA:0,allRatingsPlace
FNDA:0,updatePlaceScore
FNDA:5,getAllPlacesRating
FNDA:5,placesWithoutRating
DA:2,13
DA:3,13
DA:4,13
DA:6,13
DA:7,0
DA:9,0
DA:12,13
DA:13,0
DA:15,0
DA:18,13
DA:19,0
DA:22,13
DA:23,0
DA:25,0
DA:28,13
DA:29,0
DA:32,13
DA:33,5
DA:37,5
DA:40,13
DA:41,5
DA:49,5
LF:22
LH:14
BRF:0
BRH:0
end_of_record
TN:
SF:src/repositories/usersRepository.ts
FN:5,createUser
FN:9,verifyExistUsername
FN:15,verifyExistEmail
FN:21,findUser
FN:27,updateMainPhoto
FNF:5
FNH:5
FNDA:23,createUser
FNDA:44,verifyExistUsername
FNDA:43,verifyExistEmail
FNDA:22,findUser
FNDA:1,updateMainPhoto
DA:2,14
DA:5,14
DA:6,23
DA:9,14
DA:10,44
DA:12,44
DA:15,14
DA:16,43
DA:18,43
DA:21,14
DA:22,22
DA:24,22
DA:27,14
DA:28,1
LF:14
LH:14
BRF:0
BRH:0
end_of_record
TN:
SF:src/routers/localizationRouter.ts
FNF:0
FNH:0
DA:1,13
DA:2,13
DA:4,13
DA:6,13
DA:7,13
DA:9,13
LF:6
LH:6
BRF:0
BRH:0
end_of_record
TN:
SF:src/routers/placesRouter.ts
FNF:0
FNH:0
DA:1,13
DA:2,13
DA:3,13
DA:4,13
DA:5,13
DA:7,13
DA:9,13
DA:10,13
DA:11,13
DA:12,13
DA:13,13
DA:14,13
DA:15,13
DA:17,13
LF:14
LH:14
BRF:0
BRH:0
end_of_record
TN:
SF:src/routers/ratingRouter.ts
FNF:0
FNH:0
DA:1,13
DA:2,13
DA:3,13
DA:4,13
DA:5,13
DA:7,13
DA:9,13
DA:10,13
DA:11,13
DA:12,13
DA:13,13
DA:14,13
DA:15,13
DA:17,13
LF:14
LH:14
BRF:0
BRH:0
end_of_record
TN:
SF:src/routers/routers.ts
FNF:0
FNH:0
DA:1,13
DA:2,13
DA:3,13
DA:4,13
DA:5,13
DA:7,13
DA:9,13
DA:10,13
DA:11,13
DA:12,13
DA:14,13
LF:11
LH:11
BRF:0
BRH:0
end_of_record
TN:
SF:src/routers/usersRouter.ts
FNF:0
FNH:0
DA:1,13
DA:2,13
DA:3,13
DA:4,13
DA:5,13
DA:7,13
DA:9,13
DA:10,13
DA:11,13
DA:12,13
DA:13,13
DA:15,13
LF:12
LH:12
BRF:0
BRH:0
end_of_record
TN:
SF:src/schemas/placesSchema.ts
FNF:0
FNH:0
DA:1,13
DA:3,13
DA:13,13
DA:17,13
LF:4
LH:4
BRF:0
BRH:0
end_of_record
TN:
SF:src/schemas/ratingSchema.ts
FNF:0
FNH:0
DA:1,13
DA:3,13
LF:2
LH:2
BRF:0
BRH:0
end_of_record
TN:
SF:src/schemas/usersSchema.ts
FNF:0
FNH:0
DA:1,13
DA:3,13
DA:12,13
DA:17,13
LF:4
LH:4
BRF:0
BRH:0
end_of_record
TN:
SF:src/services/localizationServices.ts
FN:4,getStates
FN:10,getCities
FNF:2
FNH:2
FNDA:1,getStates
FNDA:2,getCities
DA:1,13
DA:4,13
DA:5,1
DA:7,1
DA:10,13
DA:11,2
DA:12,2
DA:14,2
DA:16,1
LF:9
LH:9
BRDA:11,0,0,1
BRDA:14,1,0,1
BRF:2
BRH:2
end_of_record
TN:
SF:src/services/oauthServices.ts
FN:7,github
FN:26,fetchUser
FNF:2
FNH:0
FNDA:0,github
FNDA:0,fetchUser
DA:1,13
DA:2,13
DA:3,13
DA:5,13
DA:7,13
DA:8,0
DA:9,0
DA:10,0
DA:18,0
DA:20,0
DA:21,0
DA:23,0
DA:27,0
DA:29,0
LF:14
LH:5
BRF:0
BRH:0
end_of_record
TN:
SF:src/services/placesService.ts
FN:6,verifyCity
FN:14,verifyType
FN:22,verifyName
FN:28,verifyAddress
FN:34,verifyWebsite
FN:40,createPlace
FN:61,findPlace
FN:69,updateVerify
FN:76,updateWebsite
FN:81,updateDescription
FN:86,getPlaceWithRatings
FN:91,(anonymous_35)
FN:103,search
FN:111,getTypes
FNF:14
FNH:13
FNDA:15,verifyCity
FNDA:14,verifyType
FNDA:13,verifyName
FNDA:12,verifyAddress
FNDA:12,verifyWebsite
FNDA:15,createPlace
FNDA:7,findPlace
FNDA:3,updateVerify
FNDA:1,updateWebsite
FNDA:1,updateDescription
FNDA:2,getPlaceWithRatings
FNDA:0,(anonymous_35)
FNDA:2,search
FNDA:1,getTypes
DA:2,13
DA:3,13
DA:7,15
DA:9,15
DA:11,14
DA:15,14
DA:17,14
DA:19,13
DA:23,13
DA:25,13
DA:29,12
DA:31,12
DA:35,12
DA:37,12
DA:40,13
DA:41,15
DA:42,14
DA:44,13
DA:45,12
DA:46,12
DA:48,11
DA:58,11
DA:62,7
DA:64,7
DA:66,6
DA:69,13
DA:70,3
DA:71,3
DA:73,2
DA:76,13
DA:77,1
DA:78,1
DA:81,13
DA:82,1
DA:83,1
DA:86,13
DA:87,2
DA:88,1
DA:90,1
DA:91,0
DA:93,1
DA:94,1
DA:95,1
DA:96,1
DA:97,1
DA:99,0
DA:103,13
DA:104,2
DA:106,2
DA:108,1
DA:111,13
DA:112,1
DA:114,1
LF:53
LH:51
BRDA:9,0,0,1
BRDA:17,1,0,1
BRDA:25,2,0,1
BRDA:31,3,0,0
BRDA:37,4,0,1
BRDA:46,5,0,12
BRDA:50,6,0,11
BRDA:50,6,1,0
BRDA:51,7,0,11
BRDA:51,7,1,0
BRDA:64,8,0,1
BRDA:71,9,0,1
BRDA:90,10,0,0
BRDA:90,10,1,1
BRDA:94,11,0,0
BRDA:94,11,1,1
BRDA:94,12,0,1
BRDA:94,12,1,1
BRDA:95,13,0,1
BRDA:97,14,0,0
BRDA:97,14,1,1
BRDA:97,15,0,1
BRDA:97,15,1,1
BRDA:106,16,0,1
BRF:24
BRH:18
end_of_record
TN:
SF:src/services/ratingService.ts
FN:14,verifyRatingTime
FN:37,verifyPlace
FN:43,createRanting
FN:53,updateScore
FN:65,organize
FN:73,getAllPlacesRating
FN:82,cachesKey
FN:88,expirateTime
FN:94,cache
FN:100,getFilterByFood
FN:124,getFilterByEnviroment
FN:144,getFilterByAttendance
FN:164,getFilterByPrice
FN:184,getFilterByFoodType
FNF:14
FNH:2
FNDA:0,verifyRatingTime
FNDA:0,verifyPlace
FNDA:0,createRanting
FNDA:0,updateScore
FNDA:5,organize
FNDA:5,getAllPlacesRating
FNDA:0,cachesKey
FNDA:0,expirateTime
FNDA:0,cache
FNDA:0,getFilterByFood
FNDA:0,getFilterByEnviroment
FNDA:0,getFilterByAttendance
FNDA:0,getFilterByPrice
FNDA:0,getFilterByFoodType
DA:2,13
DA:3,13
DA:4,13
DA:5,13
DA:6,13
DA:7,13
DA:8,13
DA:9,13
DA:10,13
DA:11,13
DA:12,13
DA:15,0
DA:17,0
DA:19,0
DA:20,0
DA:21,0
DA:22,0
DA:23,0
DA:25,0
DA:26,0
DA:27,0
DA:28,0
DA:29,0
DA:31,0
DA:32,0
DA:38,0
DA:40,0
DA:43,13
DA:44,0
DA:45,0
DA:46,0
DA:48,0
DA:50,0
DA:53,13
DA:54,0
DA:55,0
DA:56,0
DA:58,0
DA:59,0
DA:60,0
DA:61,0
DA:66,5
DA:67,5
DA:70,5
DA:73,13
DA:74,5
DA:75,5
DA:77,5
DA:79,5
DA:83,0
DA:85,0
DA:89,0
DA:91,0
DA:95,0
DA:97,0
DA:100,13
DA:101,0
DA:102,0
DA:103,0
DA:104,0
DA:107,0
DA:108,0
DA:109,0
DA:112,0
DA:113,0
DA:114,0
DA:117,0
DA:118,0
DA:119,0
DA:124,13
DA:125,0
DA:126,0
DA:127,0
DA:128,0
DA:130,0
DA:131,0
DA:132,0
DA:134,0
DA:135,0
DA:136,0
DA:138,0
DA:139,0
DA:140,0
DA:144,13
DA:145,0
DA:146,0
DA:147,0
DA:148,0
DA:150,0
DA:151,0
DA:152,0
DA:154,0
DA:155,0
DA:156,0
DA:158,0
DA:159,0
DA:160,0
DA:164,13
DA:165,0
DA:166,0
DA:167,0
DA:168,0
DA:170,0
DA:171,0
DA:172,0
DA:174,0
DA:175,0
DA:176,0
DA:178,0
DA:179,0
DA:180,0
DA:184,13
DA:185,0
DA:187,0
LF:114
LH:26
BRDA:17,0,0,0
BRDA:19,1,0,0
BRDA:31,2,0,0
BRDA:31,3,0,0
BRDA:31,3,1,0
BRDA:31,3,2,0
BRDA:40,4,0,0
BRDA:58,5,0,0
BRDA:58,6,0,0
BRDA:58,6,1,0
BRDA:58,6,2,0
BRDA:102,7,0,0
BRDA:102,7,1,0
BRDA:104,8,0,0
BRDA:104,8,1,0
BRDA:112,9,0,0
BRDA:114,10,0,0
BRDA:114,10,1,0
BRDA:126,11,0,0
BRDA:126,11,1,0
BRDA:128,12,0,0
BRDA:134,13,0,0
BRDA:136,14,0,0
BRDA:146,15,0,0
BRDA:146,15,1,0
BRDA:148,16,0,0
BRDA:154,17,0,0
BRDA:156,18,0,0
BRDA:166,19,0,0
BRDA:166,19,1,0
BRDA:168,20,0,0
BRDA:174,21,0,0
BRDA:176,22,0,0
BRF:33
BRH:0
end_of_record
TN:
SF:src/services/usersService.ts
FN:7,verifyExistUsername
FN:13,verifyExistEmail
FN:19,passwordConfirmPasswordMatch
FN:23,signup
FN:38,matchPassword
FN:44,gerateToken
FN:63,login
FN:101,updatePhoto
FN:105,exclude
FNF:9
FNH:9
FNDA:49,verifyExistUsername
FNDA:47,verifyExistEmail
FNDA:29,passwordConfirmPasswordMatch
FNDA:29,signup
FNDA:19,matchPassword
FNDA:18,gerateToken
FNDA:21,login
FNDA:1,updatePhoto
FNDA:24,exclude
DA:2,14
DA:4,14
DA:5,14
DA:8,49
DA:10,49
DA:14,47
DA:16,47
DA:20,29
DA:23,14
DA:24,29
DA:26,28
DA:27,28
DA:29,26
DA:30,26
DA:32,24
DA:33,24
DA:35,24
DA:39,19
DA:41,19
DA:45,18
DA:46,18
DA:48,18
DA:54,18
DA:58,18
DA:60,18
DA:63,14
DA:64,21
DA:65,21
DA:67,21
DA:69,19
DA:70,18
DA:71,18
DA:72,17
DA:74,17
DA:84,1
DA:85,1
DA:86,1
DA:87,1
DA:89,1
DA:101,14
DA:102,1
DA:109,24
DA:110,24
DA:112,24
LF:44
LH:44
BRDA:20,0,0,1
BRDA:27,1,0,2
BRDA:30,2,0,2
BRDA:41,3,0,1
BRDA:45,4,0,18
BRDA:45,4,1,0
BRDA:45,5,0,18
BRDA:45,5,1,18
BRDA:67,6,0,2
BRDA:67,7,0,21
BRDA:67,7,1,3
BRDA:69,8,0,18
BRDA:69,8,1,1
BRDA:84,9,0,1
BRF:14
BRH:13
end_of_record
TN:
SF:src/utils/query.ts
FNF:0
FNH:0
DA:1,13
LF:1
LH:1
BRF:0
BRH:0
end_of_record
TN:
SF:src/utils/transformMonth.ts
FN:1,transform
FNF:1
FNH:0
FNDA:0,transform
DA:1,13
DA:2,0
DA:3,0
DA:4,0
DA:5,0
DA:6,0
DA:7,0
DA:8,0
DA:9,0
DA:10,0
DA:11,0
DA:12,0
DA:13,0
DA:14,0
DA:15,0
LF:15
LH:1
BRDA:2,0,0,0
BRDA:2,0,1,0
BRDA:2,0,2,0
BRDA:2,0,3,0
BRDA:2,0,4,0
BRDA:2,0,5,0
BRDA:2,0,6,0
BRDA:2,0,7,0
BRDA:2,0,8,0
BRDA:2,0,9,0
BRDA:2,0,10,0
BRDA:2,0,11,0
BRDA:2,0,12,0
BRF:13
BRH:0
end_of_record
TN:
SF:src/utils/cripts/crypts.ts
FN:4,encryptByCrypt
FN:11,descriptByCrypt
FN:18,encriptByBcrypt
FN:24,descriptByBcrypt
FNF:4
FNH:2
FNDA:0,encryptByCrypt
FNDA:0,descriptByCrypt
FNDA:24,encriptByBcrypt
FNDA:18,descriptByBcrypt
DA:1,14
DA:2,14
DA:5,0
DA:6,0
DA:8,0
DA:12,0
DA:13,0
DA:15,0
DA:19,24
DA:21,24
DA:25,18
DA:27,18
DA:30,14
LF:13
LH:7
BRF:0
BRH:0
end_of_record
