TN:
SF:src/index.ts
FNF:0
FNH:0
DA:1,14
DA:2,14
DA:3,14
DA:4,14
DA:5,14
DA:6,14
DA:7,14
DA:9,14
DA:10,14
DA:11,14
DA:13,14
DA:14,14
DA:16,14
LF:13
LH:13
BRF:0
BRH:0
end_of_record
TN:
SF:src/controllers/localizationController.ts
FN:5,getStates
FN:11,getCities
FNF:2
FNH:2
FNDA:1,getStates
FNDA:2,getCities
DA:1,14
DA:5,14
DA:6,1
DA:8,1
DA:11,14
DA:12,2
DA:13,2
DA:15,2
DA:17,1
LF:9
LH:9
BRF:0
BRH:0
end_of_record
TN:
SF:src/controllers/placesController.ts
FN:6,createPlaces
FN:13,updateVerify
FN:21,updateWebsite
FN:30,updateDescription
FN:39,getPlace
FN:47,searchPlace
FN:54,getTypes
FNF:7
FNH:7
FNDA:17,createPlaces
FNDA:3,updateVerify
FNDA:1,updateWebsite
FNDA:1,updateDescription
FNDA:2,getPlace
FNDA:2,searchPlace
FNDA:1,getTypes
DA:3,14
DA:6,14
DA:7,17
DA:9,17
DA:10,13
DA:13,14
DA:14,3
DA:16,3
DA:18,2
DA:21,14
DA:22,1
DA:23,1
DA:25,1
DA:27,1
DA:30,14
DA:31,1
DA:32,1
DA:34,1
DA:36,1
DA:39,14
DA:40,2
DA:42,2
DA:44,1
DA:47,14
DA:48,2
DA:49,2
DA:51,1
DA:54,14
DA:55,1
DA:57,1
LF:30
LH:30
BRF:0
BRH:0
end_of_record
TN:
SF:src/controllers/ratingController.ts
FN:6,createRating
FN:25,getPlaces
FN:31,foodPlaces
FN:38,attendancePlaces
FN:45,enviromentPlaces
FN:52,pricePlaces
FN:59,filterFoodType
FNF:7
FNH:2
FNDA:3,createRating
FNDA:7,getPlaces
FNDA:0,foodPlaces
FNDA:0,attendancePlaces
FNDA:0,enviromentPlaces
FNDA:0,pricePlaces
FNDA:0,filterFoodType
DA:3,14
DA:6,14
DA:7,3
DA:8,3
DA:9,3
DA:10,3
DA:20,3
DA:21,2
DA:22,2
DA:25,14
DA:26,7
DA:28,7
DA:31,14
DA:32,0
DA:33,0
DA:35,0
DA:38,14
DA:39,0
DA:40,0
DA:42,0
DA:45,14
DA:46,0
DA:47,0
DA:49,0
DA:52,14
DA:53,0
DA:54,0
DA:56,0
DA:59,14
DA:60,0
DA:61,0
DA:63,0
LF:32
LH:17
BRDA:17,0,0,3
BRDA:17,0,1,0
BRF:2
BRH:1
end_of_record
TN:
SF:src/controllers/usersController.ts
FN:6,signup
FN:14,login
FN:22,githubLogin
FN:31,updateMainPhoto
FN:39,verifyAuth
FNF:5
FNH:4
FNDA:28,signup
FNDA:21,login
FNDA:0,githubLogin
FNDA:1,updateMainPhoto
FNDA:1,verifyAuth
DA:2,14
DA:4,14
DA:6,14
DA:7,28
DA:9,28
DA:11,25
DA:14,14
DA:15,21
DA:17,21
DA:19,19
DA:22,14
DA:23,0
DA:24,0
DA:26,0
DA:28,0
DA:31,14
DA:32,1
DA:33,1
DA:35,1
DA:36,1
DA:39,14
DA:40,1
LF:22
LH:18
BRF:0
BRH:0
end_of_record
TN:
SF:src/databases/postgres.ts
FNF:0
FNH:0
DA:1,14
DA:2,14
DA:4,14
DA:5,14
DA:7,14
DA:14,14
DA:15,14
LF:7
LH:7
BRF:0
BRH:0
end_of_record
TN:
SF:src/databases/prisma.ts
FNF:0
FNH:0
DA:1,15
DA:3,15
DA:4,15
DA:5,15
LF:4
LH:4
BRF:0
BRH:0
end_of_record
TN:
SF:src/databases/redis.ts
FN:13,connecting
FNF:1
FNH:1
FNDA:14,connecting
DA:1,14
DA:2,14
DA:4,14
DA:6,14
DA:14,14
DA:17,14
DA:19,14
LF:7
LH:7
BRF:0
BRH:0
end_of_record
TN:
SF:src/middlewares/authMiddleware.ts
FN:6,validateTokenAuth
FNF:1
FNH:1
FNDA:29,validateTokenAuth
DA:3,14
DA:4,14
DA:6,14
DA:7,29
DA:8,29
DA:10,29
DA:12,28
DA:13,28
DA:14,28
DA:15,27
DA:16,27
DA:17,27
DA:19,1
LF:13
LH:13
BRDA:8,0,0,1
BRDA:8,0,1,28
BRDA:8,1,0,29
BRDA:8,1,1,29
BRDA:10,2,0,1
BRDA:13,3,0,28
BRDA:13,3,1,0
BRDA:13,4,0,28
BRDA:13,4,1,28
BRF:9
BRH:8
end_of_record
TN:
SF:src/middlewares/errorHandler.ts
FN:3,errorHandler
FNF:1
FNH:1
FNDA:25,errorHandler
DA:3,14
DA:4,25
DA:5,25
DA:6,9
DA:7,16
DA:8,5
DA:9,11
DA:10,4
DA:11,7
DA:12,5
DA:13,2
DA:14,2
DA:17,0
LF:13
LH:12
BRDA:5,0,0,9
BRDA:5,0,1,16
BRDA:7,1,0,5
BRDA:7,1,1,11
BRDA:9,2,0,4
BRDA:9,2,1,7
BRDA:11,3,0,5
BRDA:11,3,1,2
BRDA:13,4,0,2
BRF:9
BRH:9
end_of_record
TN:
SF:src/middlewares/schemasValidator.ts
FN:4,schemaValidator
FN:5,(anonymous_1)
FNF:2
FNH:2
FNDA:98,schemaValidator
FNDA:83,(anonymous_1)
DA:4,14
DA:5,98
DA:6,83
DA:8,83
DA:9,9
DA:11,74
LF:6
LH:6
BRDA:8,0,0,9
BRF:1
BRH:1
end_of_record
TN:
SF:src/repositories/attendanceRepository.ts
FN:4,worstRatingAttendance
FN:12,bestRatingAttendance
FNF:2
FNH:0
FNDA:0,worstRatingAttendance
FNDA:0,bestRatingAttendance
DA:1,14
DA:2,14
DA:4,14
DA:5,0
DA:9,0
DA:12,14
DA:13,0
DA:17,0
LF:8
LH:4
BRF:0
BRH:0
end_of_record
TN:
SF:src/repositories/enviromentRepository.ts
FN:4,worstRatingEnviroment
FN:12,bestRatingEnviroment
FNF:2
FNH:0
FNDA:0,worstRatingEnviroment
FNDA:0,bestRatingEnviroment
DA:1,14
DA:2,14
DA:4,14
DA:5,0
DA:9,0
DA:12,14
DA:13,0
DA:17,0
LF:8
LH:4
BRF:0
BRH:0
end_of_record
TN:
SF:src/repositories/foodRepository.ts
FN:4,worstRatingFood
FN:12,bestRatingFood
FNF:2
FNH:0
FNDA:0,worstRatingFood
FNDA:0,bestRatingFood
DA:1,14
DA:2,14
DA:4,14
DA:5,0
DA:9,0
DA:12,14
DA:13,0
DA:17,0
LF:8
LH:4
BRF:0
BRH:0
end_of_record
TN:
SF:src/repositories/foodTypeRepository.ts
FN:5,filterFoodType
FN:18,getTypes
FNF:2
FNH:1
FNDA:0,filterFoodType
FNDA:1,getTypes
DA:2,14
DA:3,14
DA:5,14
DA:6,0
DA:15,0
DA:18,14
DA:19,1
DA:21,1
LF:8
LH:6
BRF:0
BRH:0
end_of_record
TN:
SF:src/repositories/localizationRepository.ts
FN:5,getStates
FN:11,getCities
FNF:2
FNH:2
FNDA:1,getStates
FNDA:2,getCities
DA:2,14
DA:3,14
DA:5,14
DA:6,1
DA:8,1
DA:11,14
DA:12,2
DA:18,2
LF:8
LH:8
BRF:0
BRH:0
end_of_record
TN:
SF:src/repositories/oauthRepository.ts
FN:3,postGitHubInfo
FN:13,getGitHubInfo
FNF:2
FNH:0
FNDA:0,postGitHubInfo
FNDA:0,getGitHubInfo
DA:1,14
DA:3,14
DA:4,0
DA:10,0
DA:13,14
DA:14,0
DA:20,0
LF:7
LH:3
BRF:0
BRH:0
end_of_record
TN:
SF:src/repositories/placeRepository.ts
FN:5,existCity
FN:11,existCityId
FN:17,existType
FN:23,existName
FN:29,existAddress
FN:35,existWebsite
FN:41,createPlace
FN:45,findPlace
FN:51,updateVerify
FN:55,updateWebsite
FN:59,updateDescription
FN:63,getPlaceWithComments
FN:103,searchPlace
FNF:13
FNH:13
FNDA:17,existCity
FNDA:1,existCityId
FNDA:16,existType
FNDA:15,existName
FNDA:14,existAddress
FNDA:13,existWebsite
FNDA:13,createPlace
FNDA:10,findPlace
FNDA:2,updateVerify
FNDA:1,updateWebsite
FNDA:1,updateDescription
FNDA:1,getPlaceWithComments
FNDA:2,searchPlace
DA:2,14
DA:3,14
DA:5,14
DA:6,17
DA:8,17
DA:11,14
DA:12,1
DA:14,1
DA:17,14
DA:18,16
DA:20,16
DA:23,14
DA:24,15
DA:26,15
DA:29,14
DA:30,14
DA:32,14
DA:35,14
DA:36,13
DA:38,13
DA:41,14
DA:42,13
DA:45,14
DA:46,10
DA:48,10
DA:51,14
DA:52,2
DA:55,14
DA:56,1
DA:59,14
DA:60,1
DA:63,14
DA:64,1
DA:100,1
DA:103,14
DA:104,2
DA:110,2
LF:37
LH:37
BRF:0
BRH:0
end_of_record
TN:
SF:src/repositories/priceRepository.ts
FN:4,worstRatingPrice
FN:12,bestRatingPrice
FNF:2
FNH:0
FNDA:0,worstRatingPrice
FNDA:0,bestRatingPrice
DA:1,14
DA:2,14
DA:4,14
DA:5,0
DA:9,0
DA:12,14
DA:13,0
DA:17,0
LF:8
LH:4
BRF:0
BRH:0
end_of_record
TN:
SF:src/repositories/ratingRepository.ts
FN:6,findPlace
FN:12,verifyRatingTime
FN:18,createRating
FN:22,allRatingsPlace
FN:28,updatePlaceScore
FN:32,getAllPlacesRating
FN:40,placesWithoutRating
FNF:7
FNH:7
FNDA:5,findPlace
FNDA:3,verifyRatingTime
FNDA:2,createRating
FNDA:2,allRatingsPlace
FNDA:2,updatePlaceScore
FNDA:7,getAllPlacesRating
FNDA:7,placesWithoutRating
DA:2,14
DA:3,14
DA:4,14
DA:6,14
DA:7,5
DA:9,5
DA:12,14
DA:13,3
DA:15,3
DA:18,14
DA:19,2
DA:22,14
DA:23,2
DA:25,2
DA:28,14
DA:29,2
DA:32,14
DA:33,7
DA:37,7
DA:40,14
DA:41,7
DA:49,7
LF:22
LH:22
BRF:0
BRH:0
end_of_record
TN:
SF:src/repositories/usersRepository.ts
FN:5,createUser
FN:9,verifyExistUsername
FN:15,verifyExistEmail
FN:21,findUser
FN:27,updateMainPhoto
FNF:5
FNH:5
FNDA:25,createUser
FNDA:48,verifyExistUsername
FNDA:47,verifyExistEmail
FNDA:27,findUser
FNDA:1,updateMainPhoto
DA:2,15
DA:5,15
DA:6,25
DA:9,15
DA:10,48
DA:12,48
DA:15,15
DA:16,47
DA:18,47
DA:21,15
DA:22,27
DA:24,27
DA:27,15
DA:28,1
LF:14
LH:14
BRF:0
BRH:0
end_of_record
TN:
SF:src/routers/localizationRouter.ts
FNF:0
FNH:0
DA:1,14
DA:2,14
DA:4,14
DA:6,14
DA:7,14
DA:9,14
LF:6
LH:6
BRF:0
BRH:0
end_of_record
TN:
SF:src/routers/placesRouter.ts
FNF:0
FNH:0
DA:1,14
DA:2,14
DA:3,14
DA:4,14
DA:5,14
DA:7,14
DA:9,14
DA:10,14
DA:11,14
DA:12,14
DA:13,14
DA:14,14
DA:15,14
DA:17,14
LF:14
LH:14
BRF:0
BRH:0
end_of_record
TN:
SF:src/routers/ratingRouter.ts
FNF:0
FNH:0
DA:1,14
DA:2,14
DA:3,14
DA:4,14
DA:5,14
DA:7,14
DA:9,14
DA:10,14
DA:11,14
DA:12,14
DA:13,14
DA:14,14
DA:15,14
DA:17,14
LF:14
LH:14
BRF:0
BRH:0
end_of_record
TN:
SF:src/routers/routers.ts
FNF:0
FNH:0
DA:1,14
DA:2,14
DA:3,14
DA:4,14
DA:5,14
DA:7,14
DA:9,14
DA:10,14
DA:11,14
DA:12,14
DA:14,14
LF:11
LH:11
BRF:0
BRH:0
end_of_record
TN:
SF:src/routers/usersRouter.ts
FNF:0
FNH:0
DA:1,14
DA:2,14
DA:3,14
DA:4,14
DA:5,14
DA:7,14
DA:9,14
DA:10,14
DA:11,14
DA:12,14
DA:13,14
DA:15,14
LF:12
LH:12
BRF:0
BRH:0
end_of_record
TN:
SF:src/schemas/placesSchema.ts
FNF:0
FNH:0
DA:1,14
DA:3,14
DA:13,14
DA:17,14
LF:4
LH:4
BRF:0
BRH:0
end_of_record
TN:
SF:src/schemas/ratingSchema.ts
FNF:0
FNH:0
DA:1,14
DA:3,14
LF:2
LH:2
BRF:0
BRH:0
end_of_record
TN:
SF:src/schemas/usersSchema.ts
FNF:0
FNH:0
DA:1,14
DA:3,14
DA:12,14
DA:17,14
LF:4
LH:4
BRF:0
BRH:0
end_of_record
TN:
SF:src/services/localizationServices.ts
FN:4,getStates
FN:10,getCities
FNF:2
FNH:2
FNDA:1,getStates
FNDA:2,getCities
DA:1,14
DA:4,14
DA:5,1
DA:7,1
DA:10,14
DA:11,2
DA:12,2
DA:14,2
DA:16,1
LF:9
LH:9
BRDA:11,0,0,1
BRDA:14,1,0,1
BRF:2
BRH:2
end_of_record
TN:
SF:src/services/oauthServices.ts
FN:7,github
FN:26,fetchUser
FNF:2
FNH:0
FNDA:0,github
FNDA:0,fetchUser
DA:1,14
DA:2,14
DA:3,14
DA:5,14
DA:7,14
DA:8,0
DA:9,0
DA:10,0
DA:18,0
DA:20,0
DA:21,0
DA:23,0
DA:27,0
DA:29,0
LF:14
LH:5
BRF:0
BRH:0
end_of_record
TN:
SF:src/services/placesService.ts
FN:6,verifyCity
FN:14,verifyType
FN:22,verifyName
FN:28,verifyAddress
FN:34,verifyWebsite
FN:40,createPlace
FN:61,findPlace
FN:69,updateVerify
FN:76,updateWebsite
FN:81,updateDescription
FN:86,getPlaceWithRatings
FN:91,(anonymous_35)
FN:103,search
FN:111,getTypes
FNF:14
FNH:13
FNDA:17,verifyCity
FNDA:16,verifyType
FNDA:15,verifyName
FNDA:14,verifyAddress
FNDA:13,verifyWebsite
FNDA:17,createPlace
FNDA:7,findPlace
FNDA:3,updateVerify
FNDA:1,updateWebsite
FNDA:1,updateDescription
FNDA:2,getPlaceWithRatings
FNDA:0,(anonymous_35)
FNDA:2,search
FNDA:1,getTypes
DA:2,14
DA:3,14
DA:7,17
DA:9,17
DA:11,16
DA:15,16
DA:17,16
DA:19,15
DA:23,15
DA:25,15
DA:29,14
DA:31,14
DA:35,13
DA:37,13
DA:40,14
DA:41,17
DA:42,16
DA:44,15
DA:45,14
DA:46,13
DA:48,13
DA:58,13
DA:62,7
DA:64,7
DA:66,6
DA:69,14
DA:70,3
DA:71,3
DA:73,2
DA:76,14
DA:77,1
DA:78,1
DA:81,14
DA:82,1
DA:83,1
DA:86,14
DA:87,2
DA:88,1
DA:90,1
DA:91,0
DA:93,1
DA:94,1
DA:95,1
DA:96,1
DA:97,1
DA:99,0
DA:103,14
DA:104,2
DA:106,2
DA:108,1
DA:111,14
DA:112,1
DA:114,1
LF:53
LH:51
BRDA:9,0,0,1
BRDA:17,1,0,1
BRDA:25,2,0,1
BRDA:31,3,0,1
BRDA:37,4,0,0
BRDA:46,5,0,13
BRDA:50,6,0,13
BRDA:50,6,1,0
BRDA:51,7,0,13
BRDA:51,7,1,0
BRDA:64,8,0,1
BRDA:71,9,0,1
BRDA:90,10,0,0
BRDA:90,10,1,1
BRDA:94,11,0,0
BRDA:94,11,1,1
BRDA:94,12,0,1
BRDA:94,12,1,1
BRDA:95,13,0,1
BRDA:97,14,0,0
BRDA:97,14,1,1
BRDA:97,15,0,1
BRDA:97,15,1,1
BRDA:106,16,0,1
BRF:24
BRH:18
end_of_record
TN:
SF:src/services/ratingService.ts
FN:14,verifyRatingTime
FN:37,verifyPlace
FN:43,createRanting
FN:53,updateScore
FN:65,organize
FN:73,getAllPlacesRating
FN:82,cachesKey
FN:88,expirateTime
FN:94,cache
FN:100,getFilterByFood
FN:124,getFilterByEnviroment
FN:144,getFilterByAttendance
FN:164,getFilterByPrice
FN:184,getFilterByFoodType
FNF:14
FNH:6
FNDA:3,verifyRatingTime
FNDA:5,verifyPlace
FNDA:3,createRanting
FNDA:2,updateScore
FNDA:7,organize
FNDA:7,getAllPlacesRating
FNDA:0,cachesKey
FNDA:0,expirateTime
FNDA:0,cache
FNDA:0,getFilterByFood
FNDA:0,getFilterByEnviroment
FNDA:0,getFilterByAttendance
FNDA:0,getFilterByPrice
FNDA:0,getFilterByFoodType
DA:2,14
DA:3,14
DA:4,14
DA:5,14
DA:6,14
DA:7,14
DA:8,14
DA:9,14
DA:10,14
DA:11,14
DA:12,14
DA:15,3
DA:17,3
DA:19,3
DA:20,1
DA:21,1
DA:22,1
DA:23,1
DA:25,1
DA:26,1
DA:27,1
DA:28,1
DA:29,1
DA:31,1
DA:32,1
DA:38,5
DA:40,5
DA:43,14
DA:44,3
DA:45,3
DA:46,2
DA:48,2
DA:50,2
DA:53,14
DA:54,2
DA:55,2
DA:56,2
DA:58,2
DA:59,2
DA:60,2
DA:61,2
DA:66,7
DA:67,7
DA:70,7
DA:73,14
DA:74,7
DA:75,7
DA:77,7
DA:79,7
DA:83,0
DA:85,0
DA:89,0
DA:91,0
DA:95,0
DA:97,0
DA:100,14
DA:101,0
DA:102,0
DA:103,0
DA:104,0
DA:107,0
DA:108,0
DA:109,0
DA:112,0
DA:113,0
DA:114,0
DA:117,0
DA:118,0
DA:119,0
DA:124,14
DA:125,0
DA:126,0
DA:127,0
DA:128,0
DA:130,0
DA:131,0
DA:132,0
DA:134,0
DA:135,0
DA:136,0
DA:138,0
DA:139,0
DA:140,0
DA:144,14
DA:145,0
DA:146,0
DA:147,0
DA:148,0
DA:150,0
DA:151,0
DA:152,0
DA:154,0
DA:155,0
DA:156,0
DA:158,0
DA:159,0
DA:160,0
DA:164,14
DA:165,0
DA:166,0
DA:167,0
DA:168,0
DA:170,0
DA:171,0
DA:172,0
DA:174,0
DA:175,0
DA:176,0
DA:178,0
DA:179,0
DA:180,0
DA:184,14
DA:185,0
DA:187,0
LF:114
LH:54
BRDA:17,0,0,0
BRDA:19,1,0,1
BRDA:31,2,0,1
BRDA:31,3,0,1
BRDA:31,3,1,1
BRDA:31,3,2,1
BRDA:40,4,0,0
BRDA:58,5,0,2
BRDA:58,6,0,2
BRDA:58,6,1,2
BRDA:58,6,2,2
BRDA:102,7,0,0
BRDA:102,7,1,0
BRDA:104,8,0,0
BRDA:104,8,1,0
BRDA:112,9,0,0
BRDA:114,10,0,0
BRDA:114,10,1,0
BRDA:126,11,0,0
BRDA:126,11,1,0
BRDA:128,12,0,0
BRDA:134,13,0,0
BRDA:136,14,0,0
BRDA:146,15,0,0
BRDA:146,15,1,0
BRDA:148,16,0,0
BRDA:154,17,0,0
BRDA:156,18,0,0
BRDA:166,19,0,0
BRDA:166,19,1,0
BRDA:168,20,0,0
BRDA:174,21,0,0
BRDA:176,22,0,0
BRF:33
BRH:9
end_of_record
TN:
SF:src/services/usersService.ts
FN:7,verifyExistUsername
FN:13,verifyExistEmail
FN:19,passwordConfirmPasswordMatch
FN:23,signup
FN:38,matchPassword
FN:44,gerateToken
FN:63,login
FN:101,updatePhoto
FN:105,exclude
FNF:9
FNH:9
FNDA:53,verifyExistUsername
FNDA:51,verifyExistEmail
FNDA:31,passwordConfirmPasswordMatch
FNDA:31,signup
FNDA:21,matchPassword
FNDA:20,gerateToken
FNDA:23,login
FNDA:1,updatePhoto
FNDA:26,exclude
DA:2,15
DA:4,15
DA:5,15
DA:8,53
DA:10,53
DA:14,51
DA:16,51
DA:20,31
DA:23,15
DA:24,31
DA:26,30
DA:27,30
DA:29,28
DA:30,28
DA:32,26
DA:33,26
DA:35,26
DA:39,21
DA:41,21
DA:45,20
DA:46,20
DA:48,20
DA:54,20
DA:58,20
DA:60,20
DA:63,15
DA:64,23
DA:65,23
DA:67,23
DA:69,21
DA:70,20
DA:71,20
DA:72,19
DA:74,19
DA:84,1
DA:85,1
DA:86,1
DA:87,1
DA:89,1
DA:101,15
DA:102,1
DA:109,26
DA:110,26
DA:112,26
LF:44
LH:44
BRDA:20,0,0,1
BRDA:27,1,0,2
BRDA:30,2,0,2
BRDA:41,3,0,1
BRDA:45,4,0,20
BRDA:45,4,1,0
BRDA:45,5,0,20
BRDA:45,5,1,20
BRDA:67,6,0,2
BRDA:67,7,0,23
BRDA:67,7,1,3
BRDA:69,8,0,20
BRDA:69,8,1,1
BRDA:84,9,0,1
BRF:14
BRH:13
end_of_record
TN:
SF:src/utils/query.ts
FNF:0
FNH:0
DA:1,14
LF:1
LH:1
BRF:0
BRH:0
end_of_record
TN:
SF:src/utils/transformMonth.ts
FN:1,transform
FNF:1
FNH:1
FNDA:1,transform
DA:1,14
DA:2,1
DA:3,0
DA:4,0
DA:5,0
DA:6,0
DA:7,0
DA:8,0
DA:9,0
DA:10,0
DA:11,0
DA:12,0
DA:13,1
DA:14,0
DA:15,0
LF:15
LH:3
BRDA:2,0,0,0
BRDA:2,0,1,0
BRDA:2,0,2,0
BRDA:2,0,3,0
BRDA:2,0,4,0
BRDA:2,0,5,0
BRDA:2,0,6,0
BRDA:2,0,7,0
BRDA:2,0,8,0
BRDA:2,0,9,0
BRDA:2,0,10,1
BRDA:2,0,11,0
BRDA:2,0,12,0
BRF:13
BRH:1
end_of_record
TN:
SF:src/utils/cripts/crypts.ts
FN:3,encriptByBcrypt
FN:9,descriptByBcrypt
FNF:2
FNH:2
FNDA:26,encriptByBcrypt
FNDA:20,descriptByBcrypt
DA:1,15
DA:4,26
DA:6,26
DA:10,20
DA:12,20
DA:15,15
LF:6
LH:6
BRF:0
BRH:0
end_of_record
